This is pdfTeX, Version 3.14159265-2.6-1.40.17 (MiKTeX 2.9.6210 64-bit) (preloaded format=pdflatex 2017.4.25)  22 JUN 2017 09:40
entering extended mode
**./skripsi.tex
(skripsi.tex
LaTeX2e <2017/01/01> patch level 1
Babel <3.9r> and hyphenation patterns for 75 language(s) loaded.
("C:\Program Files\MiKTeX 2.9\tex\latex\base\report.cls"
Document Class: report 2014/09/29 v1.4h Standard LaTeX document class
("C:\Program Files\MiKTeX 2.9\tex\latex\base\size11.clo"
File: size11.clo 2014/09/29 v1.4h Standard LaTeX file (size option)
)
\c@part=\count79
\c@chapter=\count80
\c@section=\count81
\c@subsection=\count82
\c@subsubsection=\count83
\c@paragraph=\count84
\c@subparagraph=\count85
\c@figure=\count86
\c@table=\count87
\abovecaptionskip=\skip41
\belowcaptionskip=\skip42
\bibindent=\dimen102
)
("C:\Program Files\MiKTeX 2.9\tex\latex\lm\lmodern.sty"
Package: lmodern 2009/10/30 v1.6 Latin Modern Fonts
LaTeX Font Info:    Overwriting symbol font `operators' in version `normal'
(Font)                  OT1/cmr/m/n --> OT1/lmr/m/n on input line 22.
LaTeX Font Info:    Overwriting symbol font `letters' in version `normal'
(Font)                  OML/cmm/m/it --> OML/lmm/m/it on input line 23.
LaTeX Font Info:    Overwriting symbol font `symbols' in version `normal'
(Font)                  OMS/cmsy/m/n --> OMS/lmsy/m/n on input line 24.
LaTeX Font Info:    Overwriting symbol font `largesymbols' in version `normal'
(Font)                  OMX/cmex/m/n --> OMX/lmex/m/n on input line 25.
LaTeX Font Info:    Overwriting symbol font `operators' in version `bold'
(Font)                  OT1/cmr/bx/n --> OT1/lmr/bx/n on input line 26.
LaTeX Font Info:    Overwriting symbol font `letters' in version `bold'
(Font)                  OML/cmm/b/it --> OML/lmm/b/it on input line 27.
LaTeX Font Info:    Overwriting symbol font `symbols' in version `bold'
(Font)                  OMS/cmsy/b/n --> OMS/lmsy/b/n on input line 28.
LaTeX Font Info:    Overwriting symbol font `largesymbols' in version `bold'
(Font)                  OMX/cmex/m/n --> OMX/lmex/m/n on input line 29.
LaTeX Font Info:    Overwriting math alphabet `\mathbf' in version `normal'
(Font)                  OT1/cmr/bx/n --> OT1/lmr/bx/n on input line 31.
LaTeX Font Info:    Overwriting math alphabet `\mathsf' in version `normal'
(Font)                  OT1/cmss/m/n --> OT1/lmss/m/n on input line 32.
LaTeX Font Info:    Overwriting math alphabet `\mathit' in version `normal'
(Font)                  OT1/cmr/m/it --> OT1/lmr/m/it on input line 33.
LaTeX Font Info:    Overwriting math alphabet `\mathtt' in version `normal'
(Font)                  OT1/cmtt/m/n --> OT1/lmtt/m/n on input line 34.
LaTeX Font Info:    Overwriting math alphabet `\mathbf' in version `bold'
(Font)                  OT1/cmr/bx/n --> OT1/lmr/bx/n on input line 35.
LaTeX Font Info:    Overwriting math alphabet `\mathsf' in version `bold'
(Font)                  OT1/cmss/bx/n --> OT1/lmss/bx/n on input line 36.
LaTeX Font Info:    Overwriting math alphabet `\mathit' in version `bold'
(Font)                  OT1/cmr/bx/it --> OT1/lmr/bx/it on input line 37.
LaTeX Font Info:    Overwriting math alphabet `\mathtt' in version `bold'
(Font)                  OT1/cmtt/m/n --> OT1/lmtt/m/n on input line 38.
)
("C:\Program Files\MiKTeX 2.9\tex\generic\babel\babel.sty"
Package: babel 2016/04/23 3.9r The Babel package

*************************************
* Local config file bblopts.cfg used
*
("C:\Program Files\MiKTeX 2.9\tex\latex\arabi\bblopts.cfg"
File: bblopts.cfg 2005/09/08 v0.1 add Arabic and Farsi to "declared" options of
 babel
)
("C:\Users\billy yanuar\AppData\Roaming\MiKTeX\2.9\tex\latex\babel-indonesian\b
ahasai.ldf"
Language: bahasai 2017/02/15 v1.0m Bahasa Indonesia support from the babel syst
em

("C:\Users\billy yanuar\AppData\Roaming\MiKTeX\2.9\tex\latex\babel-indonesian\i
ndonesian.ldf"
Language: indonesian 2017/02/15 v1.0m Bahasa Indonesia support from the babel s
ystem
 ("C:\Program Files\MiKTeX 2.9\tex\generic\babel\babel.def"
File: babel.def 2016/04/23 3.9r Babel common definitions
\babel@savecnt=\count88
\U@D=\dimen103
))))
("C:\Program Files\MiKTeX 2.9\tex\latex\base\fontenc.sty"
Package: fontenc 2017/01/24 v2.0c Standard LaTeX package

("C:\Program Files\MiKTeX 2.9\tex\latex\base\t1enc.def"
File: t1enc.def 2017/01/24 v2.0c Standard LaTeX file
LaTeX Font Info:    Redeclaring font encoding T1 on input line 48.
))
("C:\Program Files\MiKTeX 2.9\tex\latex\abstract\abstract.sty"
Package: abstract 2009/06/08 v1.2a configurable abstracts
\abstitleskip=\skip43
\absleftindent=\skip44
\absrightindent=\skip45
\absparindent=\skip46
\absparsep=\skip47
)
("C:\Program Files\MiKTeX 2.9\tex\latex\chappg\chappg.sty"
Package: chappg 2006/05/09 v2.1b page numbering by chapter number pages by chap
ter (or other unit)
)
("C:\Program Files\MiKTeX 2.9\tex\latex\graphics\color.sty"
Package: color 2016/07/10 v1.1e Standard LaTeX Color (DPC)

("C:\Program Files\MiKTeX 2.9\tex\latex\graphics-cfg\color.cfg"
File: color.cfg 2016/01/02 v1.6 sample color configuration
)
Package color Info: Driver file: pdftex.def on input line 147.

("C:\Program Files\MiKTeX 2.9\tex\latex\graphics-def\pdftex.def"
File: pdftex.def 2017/01/12 v0.06k Graphics/color for pdfTeX

("C:\Program Files\MiKTeX 2.9\tex\generic\oberdiek\infwarerr.sty"
Package: infwarerr 2016/05/16 v1.4 Providing info/warning/error messages (HO)
)
("C:\Program Files\MiKTeX 2.9\tex\generic\oberdiek\ltxcmds.sty"
Package: ltxcmds 2016/05/16 v1.23 LaTeX kernel commands for general use (HO)
)
\Gread@gobject=\count89
))
("C:\Program Files\MiKTeX 2.9\tex\latex\etoolbox\etoolbox.sty"
Package: etoolbox 2017/01/02 v2.4 e-TeX tools for LaTeX (JAW)
\etb@tempcnta=\count90
)
("C:\Users\billy yanuar\AppData\Roaming\MiKTeX\2.9\tex\latex\fancyhdr\fancyhdr.
sty"
Package: fancyhdr 2016/09/06 3.8 Extensive control of page headers and footers
\fancy@headwidth=\skip48
\f@ncyO@elh=\skip49
\f@ncyO@erh=\skip50
\f@ncyO@olh=\skip51
\f@ncyO@orh=\skip52
\f@ncyO@elf=\skip53
\f@ncyO@erf=\skip54
\f@ncyO@olf=\skip55
\f@ncyO@orf=\skip56
) ("C:\Program Files\MiKTeX 2.9\tex\latex\float\float.sty"
Package: float 2001/11/08 v1.3d Float enhancements (AL)
\c@float@type=\count91
\float@exts=\toks14
\float@box=\box26
\@float@everytoks=\toks15
\@floatcapt=\box27
)
("C:\Program Files\MiKTeX 2.9\tex\latex\geometry\geometry.sty"
Package: geometry 2010/09/12 v5.6 Page Geometry

("C:\Program Files\MiKTeX 2.9\tex\latex\graphics\keyval.sty"
Package: keyval 2014/10/28 v1.15 key=value parser (DPC)
\KV@toks@=\toks16
)
("C:\Program Files\MiKTeX 2.9\tex\generic\oberdiek\ifpdf.sty"
Package: ifpdf 2016/05/14 v3.1 Provides the ifpdf switch
)
("C:\Program Files\MiKTeX 2.9\tex\generic\oberdiek\ifvtex.sty"
Package: ifvtex 2016/05/16 v1.6 Detect VTeX and its facilities (HO)
Package ifvtex Info: VTeX not detected.
)
("C:\Program Files\MiKTeX 2.9\tex\generic\ifxetex\ifxetex.sty"
Package: ifxetex 2010/09/12 v0.6 Provides ifxetex conditional
)
\Gm@cnth=\count92
\Gm@cntv=\count93
\c@Gm@tempcnt=\count94
\Gm@bindingoffset=\dimen104
\Gm@wd@mp=\dimen105
\Gm@odd@mp=\dimen106
\Gm@even@mp=\dimen107
\Gm@layoutwidth=\dimen108
\Gm@layoutheight=\dimen109
\Gm@layouthoffset=\dimen110
\Gm@layoutvoffset=\dimen111
\Gm@dimlist=\toks17

("C:\Program Files\MiKTeX 2.9\tex\latex\geometry\geometry.cfg"))
("C:\Program Files\MiKTeX 2.9\tex\latex\graphics\graphicx.sty"
Package: graphicx 2014/10/28 v1.0g Enhanced LaTeX Graphics (DPC,SPQR)

("C:\Program Files\MiKTeX 2.9\tex\latex\graphics\graphics.sty"
Package: graphics 2016/10/09 v1.0u Standard LaTeX Graphics (DPC,SPQR)

("C:\Program Files\MiKTeX 2.9\tex\latex\graphics\trig.sty"
Package: trig 2016/01/03 v1.10 sin cos tan (DPC)
)
("C:\Program Files\MiKTeX 2.9\tex\latex\graphics-cfg\graphics.cfg"
File: graphics.cfg 2016/06/04 v1.11 sample graphics configuration
)
Package graphics Info: Driver file: pdftex.def on input line 99.
)
\Gin@req@height=\dimen112
\Gin@req@width=\dimen113
)
("C:\Users\billy yanuar\AppData\Roaming\MiKTeX\2.9\tex\latex\listings\listings.
sty"
\lst@mode=\count95
\lst@gtempboxa=\box28
\lst@token=\toks18
\lst@length=\count96
\lst@currlwidth=\dimen114
\lst@column=\count97
\lst@pos=\count98
\lst@lostspace=\dimen115
\lst@width=\dimen116
\lst@newlines=\count99
\lst@lineno=\count100
\lst@maxwidth=\dimen117

("C:\Users\billy yanuar\AppData\Roaming\MiKTeX\2.9\tex\latex\listings\lstmisc.s
ty"
File: lstmisc.sty 2015/06/04 1.6 (Carsten Heinz)
\c@lstnumber=\count101
\lst@skipnumbers=\count102
\lst@framebox=\box29
)
("C:\Users\billy yanuar\AppData\Roaming\MiKTeX\2.9\tex\latex\listings\listings.
cfg"
File: listings.cfg 2015/06/04 1.6 listings configuration
))
Package: listings 2015/06/04 1.6 (Carsten Heinz)
 ("C:\Program Files\MiKTeX 2.9\tex\latex\graphics\lscape.sty"
Package: lscape 2000/10/22 v3.01 Landscape Pages (DPC)
)
("C:\Program Files\MiKTeX 2.9\tex\latex\tools\multicol.sty"
Package: multicol 2016/04/07 v1.8p multicolumn formatting (FMi)
\c@tracingmulticols=\count103
\mult@box=\box30
\multicol@leftmargin=\dimen118
\c@unbalance=\count104
\c@collectmore=\count105
\doublecol@number=\count106
\multicoltolerance=\count107
\multicolpretolerance=\count108
\full@width=\dimen119
\page@free=\dimen120
\premulticols=\dimen121
\postmulticols=\dimen122
\multicolsep=\skip57
\multicolbaselineskip=\skip58
\partial@page=\box31
\last@line=\box32
\maxbalancingoverflow=\dimen123
\mult@rightbox=\box33
\mult@grightbox=\box34
\mult@gfirstbox=\box35
\mult@firstbox=\box36
\@tempa=\box37
\@tempa=\box38
\@tempa=\box39
\@tempa=\box40
\@tempa=\box41
\@tempa=\box42
\@tempa=\box43
\@tempa=\box44
\@tempa=\box45
\@tempa=\box46
\@tempa=\box47
\@tempa=\box48
\@tempa=\box49
\@tempa=\box50
\@tempa=\box51
\@tempa=\box52
\@tempa=\box53
\c@columnbadness=\count109
\c@finalcolumnbadness=\count110
\last@try=\dimen124
\multicolovershoot=\dimen125
\multicolundershoot=\dimen126
\mult@nat@firstbox=\box54
\colbreak@box=\box55
\mc@col@check@num=\count111
)
("C:\Program Files\MiKTeX 2.9\tex\latex\base\ifthen.sty"
Package: ifthen 2014/09/29 v1.1c Standard LaTeX ifthen package (DPC)
)
("C:\Users\billy yanuar\AppData\Roaming\MiKTeX\2.9\tex\latex\lineno\lineno.sty"
Package: lineno 2005/11/02 line numbers on paragraphs v4.41
\linenopenalty=\count112
\output=\toks19
\linenoprevgraf=\count113
\linenumbersep=\dimen127
\linenumberwidth=\dimen128
\c@linenumber=\count114
\c@pagewiselinenumber=\count115
\c@LN@truepage=\count116
\c@internallinenumber=\count117
\c@internallinenumbers=\count118
\quotelinenumbersep=\dimen129
\bframerule=\dimen130
\bframesep=\dimen131
\bframebox=\box56
LaTeX Info: Redefining \\ on input line 3056.
)
("C:\Users\billy yanuar\AppData\Roaming\MiKTeX\2.9\tex\latex\kantlipsum\kantlip
sum.sty"
("C:\Users\billy yanuar\AppData\Roaming\MiKTeX\2.9\tex\latex\l3kernel\expl3.sty
"
Package: expl3 2017/04/01 L3 programming layer (loader) 

("C:\Users\billy yanuar\AppData\Roaming\MiKTeX\2.9\tex\latex\l3kernel\expl3-cod
e.tex"
Package: expl3 2017/04/01 L3 programming layer (code)
\c_max_int=\count119
\l_tmpa_int=\count120
\l_tmpb_int=\count121
\g_tmpa_int=\count122
\g_tmpb_int=\count123
\g__prg_map_int=\count124
\c_log_iow=\count125
\l_iow_line_count_int=\count126
\l__iow_line_target_int=\count127
\l__iow_one_indent_int=\count128
\l__iow_indent_int=\count129
\c_zero_dim=\dimen132
\c_max_dim=\dimen133
\l_tmpa_dim=\dimen134
\l_tmpb_dim=\dimen135
\g_tmpa_dim=\dimen136
\g_tmpb_dim=\dimen137
\c_zero_skip=\skip59
\c_max_skip=\skip60
\l_tmpa_skip=\skip61
\l_tmpb_skip=\skip62
\g_tmpa_skip=\skip63
\g_tmpb_skip=\skip64
\c_zero_muskip=\muskip10
\c_max_muskip=\muskip11
\l_tmpa_muskip=\muskip12
\l_tmpb_muskip=\muskip13
\g_tmpa_muskip=\muskip14
\g_tmpb_muskip=\muskip15
\l_keys_choice_int=\count130
\c__fp_leading_shift_int=\count131
\c__fp_middle_shift_int=\count132
\c__fp_trailing_shift_int=\count133
\c__fp_big_leading_shift_int=\count134
\c__fp_big_middle_shift_int=\count135
\c__fp_big_trailing_shift_int=\count136
\c__fp_Bigg_leading_shift_int=\count137
\c__fp_Bigg_middle_shift_int=\count138
\c__fp_Bigg_trailing_shift_int=\count139
\c__fp_rand_size_int=\count140
\c__fp_rand_four_int=\count141
\c__fp_rand_eight_int=\count142
\l__sort_length_int=\count143
\l__sort_min_int=\count144
\l__sort_top_int=\count145
\l__sort_max_int=\count146
\l__sort_true_max_int=\count147
\l__sort_block_int=\count148
\l__sort_begin_int=\count149
\l__sort_end_int=\count150
\l__sort_A_int=\count151
\l__sort_B_int=\count152
\l__sort_C_int=\count153
\c_empty_box=\box57
\l_tmpa_box=\box58
\l_tmpb_box=\box59
\g_tmpa_box=\box60
\g_tmpb_box=\box61
\l__coffin_internal_box=\box62
\l__coffin_internal_dim=\dimen138
\l__coffin_offset_x_dim=\dimen139
\l__coffin_offset_y_dim=\dimen140
\l__coffin_x_dim=\dimen141
\l__coffin_y_dim=\dimen142
\l__coffin_x_prime_dim=\dimen143
\l__coffin_y_prime_dim=\dimen144
\c_empty_coffin=\box63
\l__coffin_aligned_coffin=\box64
\l__coffin_aligned_internal_coffin=\box65
\l_tmpa_coffin=\box66
\l_tmpb_coffin=\box67
\l__coffin_display_coffin=\box68
\l__coffin_display_coord_coffin=\box69
\l__coffin_display_pole_coffin=\box70
\l__coffin_display_offset_dim=\dimen145
\l__coffin_display_x_dim=\dimen146
\l__coffin_display_y_dim=\dimen147
\l__box_top_dim=\dimen148
\l__box_bottom_dim=\dimen149
\l__box_left_dim=\dimen150
\l__box_right_dim=\dimen151
\l__box_top_new_dim=\dimen152
\l__box_bottom_new_dim=\dimen153
\l__box_left_new_dim=\dimen154
\l__box_right_new_dim=\dimen155
\l__box_internal_box=\box71
\l__coffin_bounding_shift_dim=\dimen156
\l__coffin_left_corner_dim=\dimen157
\l__coffin_right_corner_dim=\dimen158
\l__coffin_bottom_corner_dim=\dimen159
\l__coffin_top_corner_dim=\dimen160
\l__coffin_scaled_total_height_dim=\dimen161
\l__coffin_scaled_width_dim=\dimen162
)
("C:\Users\billy yanuar\AppData\Roaming\MiKTeX\2.9\tex\latex\l3kernel\l3pdfmode
.def"
File: l3pdfmode.def 2017/03/18 v L3 Experimental driver: PDF mode
\l__driver_color_stack_int=\count154
\l__driver_tmp_box=\box72
))
Package: kantlipsum 2012/10/14 v0.6 Dummy text in Kantian style

("C:\Users\billy yanuar\AppData\Roaming\MiKTeX\2.9\tex\latex\l3packages\xparse\
xparse.sty"
Package: xparse 2017/04/01 L3 Experimental document command parser
\l__xparse_current_arg_int=\count155
\g__xparse_grabber_int=\count156
\l__xparse_m_args_int=\count157
\l__xparse_mandatory_args_int=\count158
\l__xparse_v_nesting_int=\count159
)
\l_kgl_start_int=\count160
\l_kgl_end_int=\count161
.................................................
. LaTeX info: "xparse/define-command"
. 
. Defining command \kant with sig. 's>{\SplitArgument {1}{-}}O{1-7}' on line
. 86.
.................................................
.................................................
. LaTeX info: "xparse/define-command"
. 
. Defining command \kantdef with sig. 'mm' on line 101.
.................................................
.................................................
. kantlipsum info: "how-many"
. 
. The package provides paragraphs 1 to 164. Values outside this range will be
. ignored.
.................................................
)
("C:\Users\billy yanuar\AppData\Roaming\MiKTeX\2.9\tex\latex\titlesec\titlesec.
sty"
Package: titlesec 2016/03/21 v2.10.2 Sectioning titles
\ttl@box=\box73
\beforetitleunit=\skip65
\aftertitleunit=\skip66
\ttl@plus=\dimen163
\ttl@minus=\dimen164
\ttl@toksa=\toks20
\titlewidth=\dimen165
\titlewidthlast=\dimen166
\titlewidthfirst=\dimen167
)
("C:\Users\billy yanuar\AppData\Roaming\MiKTeX\2.9\tex\latex\tocbibind\tocbibin
d.sty"
Package: tocbibind 2010/10/13 v1.5k extra ToC listings
Package tocbibind Info: The document has chapter divisions on input line 50.


Package tocbibind Note: Using chapter style headings, unless overridden.

)
("C:\Users\billy yanuar\AppData\Roaming\MiKTeX\2.9\tex\latex\tocloft\tocloft.st
y"
Package: tocloft 2013/05/02 v2.3f parameterised ToC, etc., typesetting
Package tocloft Info: The document has chapter divisions on input line 44.
\cftparskip=\skip67
\cftbeforetoctitleskip=\skip68
\cftaftertoctitleskip=\skip69
\cftbeforepartskip=\skip70
\cftpartnumwidth=\skip71
\cftpartindent=\skip72
\cftbeforechapskip=\skip73
\cftchapindent=\skip74
\cftchapnumwidth=\skip75
\cftbeforesecskip=\skip76
\cftsecindent=\skip77
\cftsecnumwidth=\skip78
\cftbeforesubsecskip=\skip79
\cftsubsecindent=\skip80
\cftsubsecnumwidth=\skip81
\cftbeforesubsubsecskip=\skip82
\cftsubsubsecindent=\skip83
\cftsubsubsecnumwidth=\skip84
\cftbeforeparaskip=\skip85
\cftparaindent=\skip86
\cftparanumwidth=\skip87
\cftbeforesubparaskip=\skip88
\cftsubparaindent=\skip89
\cftsubparanumwidth=\skip90
\cftbeforeloftitleskip=\skip91
\cftafterloftitleskip=\skip92
\cftbeforefigskip=\skip93
\cftfigindent=\skip94
\cftfignumwidth=\skip95
\c@lofdepth=\count162
\c@lotdepth=\count163
\cftbeforelottitleskip=\skip96
\cftafterlottitleskip=\skip97
\cftbeforetabskip=\skip98
\cfttabindent=\skip99
\cfttabnumwidth=\skip100
)
("C:\Users\billy yanuar\AppData\Roaming\MiKTeX\2.9\tex\latex\setspace\setspace.
sty"
Package: setspace 2011/12/19 v6.7a set line spacing
)
("C:\Users\billy yanuar\AppData\Roaming\MiKTeX\2.9\tex\latex\xstring\xstring.st
y"
("C:\Users\billy yanuar\AppData\Roaming\MiKTeX\2.9\tex\generic\xstring\xstring.
tex"
\@xs@message=\write3
\integerpart=\count164
\decimalpart=\count165
)
Package: xstring 2013/10/13  v1.7c  String manipulations (C Tellechea)
) ("C:\Program Files\MiKTeX 2.9\tex\latex\hyperref\hyperref.sty"
Package: hyperref 2016/06/24 v6.83q Hypertext links for LaTeX

("C:\Program Files\MiKTeX 2.9\tex\generic\oberdiek\hobsub-hyperref.sty"
Package: hobsub-hyperref 2016/05/16 v1.14 Bundle oberdiek, subset hyperref (HO)


("C:\Program Files\MiKTeX 2.9\tex\generic\oberdiek\hobsub-generic.sty"
Package: hobsub-generic 2016/05/16 v1.14 Bundle oberdiek, subset generic (HO)
Package: hobsub 2016/05/16 v1.14 Construct package bundles (HO)
Package hobsub Info: Skipping package `infwarerr' (already loaded).
Package hobsub Info: Skipping package `ltxcmds' (already loaded).
Package: ifluatex 2016/05/16 v1.4 Provides the ifluatex switch (HO)
Package ifluatex Info: LuaTeX not detected.
Package hobsub Info: Skipping package `ifvtex' (already loaded).
Package: intcalc 2016/05/16 v1.2 Expandable calculations with integers (HO)
Package hobsub Info: Skipping package `ifpdf' (already loaded).
Package: etexcmds 2016/05/16 v1.6 Avoid name clashes with e-TeX commands (HO)
Package etexcmds Info: Could not find \expanded.
(etexcmds)             That can mean that you are not using pdfTeX 1.50 or
(etexcmds)             that some package has redefined \expanded.
(etexcmds)             In the latter case, load this package earlier.
Package: kvsetkeys 2016/05/16 v1.17 Key value parser (HO)
Package: kvdefinekeys 2016/05/16 v1.4 Define keys (HO)
Package: pdftexcmds 2016/05/21 v0.22 Utility functions of pdfTeX for LuaTeX (HO
)
Package pdftexcmds Info: LuaTeX not detected.
Package pdftexcmds Info: \pdf@primitive is available.
Package pdftexcmds Info: \pdf@ifprimitive is available.
Package pdftexcmds Info: \pdfdraftmode found.
Package: pdfescape 2016/05/16 v1.14 Implements pdfTeX's escape features (HO)
Package: bigintcalc 2016/05/16 v1.4 Expandable calculations on big integers (HO
)
Package: bitset 2016/05/16 v1.2 Handle bit-vector datatype (HO)
Package: uniquecounter 2016/05/16 v1.3 Provide unlimited unique counter (HO)
)
Package hobsub Info: Skipping package `hobsub' (already loaded).
Package: letltxmacro 2016/05/16 v1.5 Let assignment for LaTeX macros (HO)
Package: hopatch 2016/05/16 v1.3 Wrapper for package hooks (HO)
Package: xcolor-patch 2016/05/16 xcolor patch
Package: atveryend 2016/05/16 v1.9 Hooks at the very end of document (HO)
Package: atbegshi 2016/06/09 v1.18 At begin shipout hook (HO)
Package: refcount 2016/05/16 v3.5 Data extraction from label references (HO)
Package: hycolor 2016/05/16 v1.8 Color options for hyperref/bookmark (HO)
)
("C:\Program Files\MiKTeX 2.9\tex\latex\oberdiek\auxhook.sty"
Package: auxhook 2016/05/16 v1.4 Hooks for auxiliary files (HO)
)
("C:\Program Files\MiKTeX 2.9\tex\latex\oberdiek\kvoptions.sty"
Package: kvoptions 2016/05/16 v3.12 Key value format for package options (HO)
)
\@linkdim=\dimen168
\Hy@linkcounter=\count166
\Hy@pagecounter=\count167

("C:\Program Files\MiKTeX 2.9\tex\latex\hyperref\pd1enc.def"
File: pd1enc.def 2016/06/24 v6.83q Hyperref: PDFDocEncoding definition (HO)
)
\Hy@SavedSpaceFactor=\count168

("C:\Program Files\MiKTeX 2.9\tex\latex\00miktex\hyperref.cfg"
File: hyperref.cfg 2002/06/06 v1.2 hyperref configuration of TeXLive
)
Package hyperref Info: Option `plainpages' set `false' on input line 4362.
Package hyperref Info: Option `pdfpagelabels' set `true' on input line 4362.
Package hyperref Info: Option `unicode' set `true' on input line 4362.

("C:\Program Files\MiKTeX 2.9\tex\latex\hyperref\puenc.def"
File: puenc.def 2016/06/24 v6.83q Hyperref: PDF Unicode definition (HO)
)
Package hyperref Info: Hyper figures OFF on input line 4486.
Package hyperref Info: Link nesting OFF on input line 4491.
Package hyperref Info: Hyper index ON on input line 4494.
Package hyperref Info: Plain pages OFF on input line 4501.
Package hyperref Info: Backreferencing OFF on input line 4506.
Package hyperref Info: Implicit mode ON; LaTeX internals redefined.
Package hyperref Info: Bookmarks ON on input line 4735.
\c@Hy@tempcnt=\count169

("C:\Users\billy yanuar\AppData\Roaming\MiKTeX\2.9\tex\latex\url\url.sty"
\Urlmuskip=\muskip16
Package: url 2013/09/16  ver 3.4  Verb mode for urls, etc.
)
LaTeX Info: Redefining \url on input line 5088.
\XeTeXLinkMargin=\dimen169
\Fld@menulength=\count170
\Field@Width=\dimen170
\Fld@charsize=\dimen171
Package hyperref Info: Hyper figures OFF on input line 6342.
Package hyperref Info: Link nesting OFF on input line 6347.
Package hyperref Info: Hyper index ON on input line 6350.
Package hyperref Info: backreferencing OFF on input line 6357.
Package hyperref Info: Link coloring OFF on input line 6362.
Package hyperref Info: Link coloring with OCG OFF on input line 6367.
Package hyperref Info: PDF/A mode OFF on input line 6372.
LaTeX Info: Redefining \ref on input line 6412.
LaTeX Info: Redefining \pageref on input line 6416.
\Hy@abspage=\count171
\c@Item=\count172
\c@Hfootnote=\count173
)

Package hyperref Message: Driver (autodetected): hpdftex.

("C:\Program Files\MiKTeX 2.9\tex\latex\hyperref\hpdftex.def"
File: hpdftex.def 2016/06/24 v6.83q Hyperref driver for pdfTeX
\Fld@listcount=\count174
\c@bookmark@seq@number=\count175

("C:\Program Files\MiKTeX 2.9\tex\latex\oberdiek\rerunfilecheck.sty"
Package: rerunfilecheck 2016/05/16 v1.8 Rerun checks for auxiliary files (HO)
Package uniquecounter Info: New unique counter `rerunfilecheck' on input line 2
82.
)
\Hy@SectionHShift=\skip101
)
("C:\Users\billy yanuar\AppData\Roaming\MiKTeX\2.9\tex\latex\emptypage\emptypag
e.sty"
Package: emptypage 2010/05/30 v1.2 Suppress page numbers and headings on empty 
pages
) ("C:\Users\billy yanuar\AppData\Roaming\MiKTeX\2.9\tex\latex\lcg\lcg.sty"
Package: lcg 2013/08/09 v1.3 generating random numbers
\f@rst=\count176
\l@st=\count177
\cr@nd=\count178
\c@rand=\count179

Smallest possible random number: 1
Largest possible random number: 2147483647
The pseudo random numbers will be stored in the LaTeX counter `rand'
)
LaTeX Font Info:    Try loading font information for T1+lmr on input line 67.
 ("C:\Program Files\MiKTeX 2.9\tex\latex\lm\t1lmr.fd"
File: t1lmr.fd 2009/10/30 v1.6 Font defs for Latin Modern
)
Package hyperref Info: Option `unicode' set `true' on input line 274.
Package hyperref Info: Option `colorlinks' set `true' on input line 274.

\@input{data.aux}
\openout2 = `data.aux'.

(data.tex
("C:\Users\billy yanuar\AppData\Roaming\MiKTeX\2.9\tex\latex\booktabs\booktabs.
sty"
Package: booktabs 2005/04/14 v1.61803 publication quality tables
\heavyrulewidth=\dimen172
\lightrulewidth=\dimen173
\cmidrulewidth=\dimen174
\belowrulesep=\dimen175
\belowbottomsep=\dimen176
\aboverulesep=\dimen177
\abovetopsep=\dimen178
\cmidrulesep=\dimen179
\cmidrulekern=\dimen180
\defaultaddspace=\dimen181
\@cmidla=\count180
\@cmidlb=\count181
\@aboverulesep=\dimen182
\@belowrulesep=\dimen183
\@thisruleclass=\count182
\@lastruleclass=\count183
\@thisrulewidth=\dimen184
)
("C:\Users\billy yanuar\AppData\Roaming\MiKTeX\2.9\tex\latex\xcolor\xcolor.sty"
Package: xcolor 2016/05/11 v2.12 LaTeX color extensions (UK)
("C:\Program Files\MiKTeX 2.9\tex\latex\graphics-cfg\color.cfg"
File: color.cfg 2016/01/02 v1.6 sample color configuration
)
Package xcolor Info: Driver file: pdftex.def on input line 225.

("C:\Users\billy yanuar\AppData\Roaming\MiKTeX\2.9\tex\latex\colortbl\colortbl.
sty"
Package: colortbl 2012/02/13 v1.0a Color table columns (DPC)
 ("C:\Program Files\MiKTeX 2.9\tex\latex\tools\array.sty"
Package: array 2016/10/06 v2.4d Tabular extension package (FMi)
\col@sep=\dimen185
\extrarowheight=\dimen186
\NC@list=\toks21
\extratabsurround=\skip102
\backup@length=\skip103
)
\everycr=\toks22
\minrowclearance=\skip104
)
LaTeX Info: Redefining \color on input line 709.
\rownum=\count184
Package xcolor Info: Model `cmy' substituted by `cmy0' on input line 1348.
Package xcolor Info: Model `hsb' substituted by `rgb' on input line 1352.
Package xcolor Info: Model `RGB' extended on input line 1364.
Package xcolor Info: Model `HTML' substituted by `rgb' on input line 1366.
Package xcolor Info: Model `Hsb' substituted by `hsb' on input line 1367.
Package xcolor Info: Model `tHsb' substituted by `hsb' on input line 1368.
Package xcolor Info: Model `HSB' substituted by `hsb' on input line 1369.
Package xcolor Info: Model `Gray' substituted by `gray' on input line 1370.
Package xcolor Info: Model `wave' substituted by `hsb' on input line 1371.
)
("C:\Program Files\MiKTeX 2.9\tex\latex\tools\longtable.sty"
Package: longtable 2014/10/28 v4.11 Multi-page Table package (DPC)
\LTleft=\skip105
\LTright=\skip106
\LTpre=\skip107
\LTpost=\skip108
\LTchunksize=\count185
\LTcapwidth=\dimen187
\LT@head=\box74
\LT@firsthead=\box75
\LT@foot=\box76
\LT@lastfoot=\box77
\LT@cols=\count186
\LT@rows=\count187
\c@LT@tables=\count188
\c@LT@chunks=\count189
\LT@p@ftn=\toks23
)
("C:\Program Files\MiKTeX 2.9\tex\latex\amsfonts\amssymb.sty"
Package: amssymb 2013/01/14 v3.01 AMS font symbols

("C:\Program Files\MiKTeX 2.9\tex\latex\amsfonts\amsfonts.sty"
Package: amsfonts 2013/01/14 v3.01 Basic AMSFonts support
\@emptytoks=\toks24
\symAMSa=\mathgroup4
\symAMSb=\mathgroup5
LaTeX Font Info:    Overwriting math alphabet `\mathfrak' in version `bold'
(Font)                  U/euf/m/n --> U/euf/b/n on input line 106.
))
("C:\Users\billy yanuar\AppData\Roaming\MiKTeX\2.9\tex\latex\todo\todo.sty"
Package: todo 2010/03/31 v2.4142 To-do list (Federico Garcia)
\@todotoks=\toks25
\c@todo=\count190
)
("C:\Program Files\MiKTeX 2.9\tex\latex\tools\verbatim.sty"
Package: verbatim 2014/10/28 v1.5q LaTeX2e package for verbatim enhancements
\every@verbatim=\toks26
\verbatim@line=\toks27
\verbatim@in@stream=\read1
)
("C:\Users\billy yanuar\AppData\Roaming\MiKTeX\2.9\tex\latex\pgfplots\pgfplots.
sty"
("C:\Users\billy yanuar\AppData\Roaming\MiKTeX\2.9\tex\generic\pgfplots\pgfplot
s.revision.tex")
Package: pgfplots 2016/08/10 v1.14 Data Visualization (1.14)

("C:\Users\billy yanuar\AppData\Roaming\MiKTeX\2.9\tex\latex\pgf\frontendlayer\
tikz.sty"
("C:\Users\billy yanuar\AppData\Roaming\MiKTeX\2.9\tex\latex\pgf\basiclayer\pgf
.sty"
("C:\Users\billy yanuar\AppData\Roaming\MiKTeX\2.9\tex\latex\pgf\utilities\pgfr
cs.sty"
("C:\Users\billy yanuar\AppData\Roaming\MiKTeX\2.9\tex\generic\pgf\utilities\pg
futil-common.tex"
\pgfutil@everybye=\toks28
\pgfutil@tempdima=\dimen188
\pgfutil@tempdimb=\dimen189

("C:\Users\billy yanuar\AppData\Roaming\MiKTeX\2.9\tex\generic\pgf\utilities\pg
futil-common-lists.tex"))
("C:\Users\billy yanuar\AppData\Roaming\MiKTeX\2.9\tex\generic\pgf\utilities\pg
futil-latex.def"
\pgfutil@abb=\box78

("C:\Users\billy yanuar\AppData\Roaming\MiKTeX\2.9\tex\latex\ms\everyshi.sty"
Package: everyshi 2001/05/15 v3.00 EveryShipout Package (MS)
))
("C:\Users\billy yanuar\AppData\Roaming\MiKTeX\2.9\tex\generic\pgf\utilities\pg
frcs.code.tex"
Package: pgfrcs 2015/08/07 v3.0.1a (rcs-revision 1.31)
))
Package: pgf 2015/08/07 v3.0.1a (rcs-revision 1.15)

("C:\Users\billy yanuar\AppData\Roaming\MiKTeX\2.9\tex\latex\pgf\basiclayer\pgf
core.sty"
("C:\Users\billy yanuar\AppData\Roaming\MiKTeX\2.9\tex\latex\pgf\systemlayer\pg
fsys.sty"
("C:\Users\billy yanuar\AppData\Roaming\MiKTeX\2.9\tex\generic\pgf\systemlayer\
pgfsys.code.tex"
Package: pgfsys 2014/07/09 v3.0.1a (rcs-revision 1.48)

("C:\Users\billy yanuar\AppData\Roaming\MiKTeX\2.9\tex\generic\pgf\utilities\pg
fkeys.code.tex"
\pgfkeys@pathtoks=\toks29
\pgfkeys@temptoks=\toks30

("C:\Users\billy yanuar\AppData\Roaming\MiKTeX\2.9\tex\generic\pgf\utilities\pg
fkeysfiltered.code.tex"
\pgfkeys@tmptoks=\toks31
))
\pgf@x=\dimen190
\pgf@y=\dimen191
\pgf@xa=\dimen192
\pgf@ya=\dimen193
\pgf@xb=\dimen194
\pgf@yb=\dimen195
\pgf@xc=\dimen196
\pgf@yc=\dimen197
\w@pgf@writea=\write4
\r@pgf@reada=\read2
\c@pgf@counta=\count191
\c@pgf@countb=\count192
\c@pgf@countc=\count193
\c@pgf@countd=\count194
\t@pgf@toka=\toks32
\t@pgf@tokb=\toks33
\t@pgf@tokc=\toks34

("C:\Users\billy yanuar\AppData\Roaming\MiKTeX\2.9\tex\generic\pgf\systemlayer\
pgf.cfg"
File: pgf.cfg 2008/05/14  (rcs-revision 1.7)
)
Driver file for pgf: pgfsys-pdftex.def

("C:\Users\billy yanuar\AppData\Roaming\MiKTeX\2.9\tex\generic\pgf\systemlayer\
pgfsys-pdftex.def"
File: pgfsys-pdftex.def 2014/10/11  (rcs-revision 1.35)

("C:\Users\billy yanuar\AppData\Roaming\MiKTeX\2.9\tex\generic\pgf\systemlayer\
pgfsys-common-pdf.def"
File: pgfsys-common-pdf.def 2013/10/10  (rcs-revision 1.13)
)))
("C:\Users\billy yanuar\AppData\Roaming\MiKTeX\2.9\tex\generic\pgf\systemlayer\
pgfsyssoftpath.code.tex"
File: pgfsyssoftpath.code.tex 2013/09/09  (rcs-revision 1.9)
\pgfsyssoftpath@smallbuffer@items=\count195
\pgfsyssoftpath@bigbuffer@items=\count196
)
("C:\Users\billy yanuar\AppData\Roaming\MiKTeX\2.9\tex\generic\pgf\systemlayer\
pgfsysprotocol.code.tex"
File: pgfsysprotocol.code.tex 2006/10/16  (rcs-revision 1.4)
))
("C:\Users\billy yanuar\AppData\Roaming\MiKTeX\2.9\tex\generic\pgf\basiclayer\p
gfcore.code.tex"
Package: pgfcore 2010/04/11 v3.0.1a (rcs-revision 1.7)

("C:\Users\billy yanuar\AppData\Roaming\MiKTeX\2.9\tex\generic\pgf\math\pgfmath
.code.tex"
("C:\Users\billy yanuar\AppData\Roaming\MiKTeX\2.9\tex\generic\pgf\math\pgfmath
calc.code.tex"
("C:\Users\billy yanuar\AppData\Roaming\MiKTeX\2.9\tex\generic\pgf\math\pgfmath
util.code.tex")
("C:\Users\billy yanuar\AppData\Roaming\MiKTeX\2.9\tex\generic\pgf\math\pgfmath
parser.code.tex"
\pgfmath@dimen=\dimen198
\pgfmath@count=\count197
\pgfmath@box=\box79
\pgfmath@toks=\toks35
\pgfmath@stack@operand=\toks36
\pgfmath@stack@operation=\toks37
)
("C:\Users\billy yanuar\AppData\Roaming\MiKTeX\2.9\tex\generic\pgf\math\pgfmath
functions.code.tex"
("C:\Users\billy yanuar\AppData\Roaming\MiKTeX\2.9\tex\generic\pgf\math\pgfmath
functions.basic.code.tex")
("C:\Users\billy yanuar\AppData\Roaming\MiKTeX\2.9\tex\generic\pgf\math\pgfmath
functions.trigonometric.code.tex")
("C:\Users\billy yanuar\AppData\Roaming\MiKTeX\2.9\tex\generic\pgf\math\pgfmath
functions.random.code.tex")
("C:\Users\billy yanuar\AppData\Roaming\MiKTeX\2.9\tex\generic\pgf\math\pgfmath
functions.comparison.code.tex")
("C:\Users\billy yanuar\AppData\Roaming\MiKTeX\2.9\tex\generic\pgf\math\pgfmath
functions.base.code.tex")
("C:\Users\billy yanuar\AppData\Roaming\MiKTeX\2.9\tex\generic\pgf\math\pgfmath
functions.round.code.tex")
("C:\Users\billy yanuar\AppData\Roaming\MiKTeX\2.9\tex\generic\pgf\math\pgfmath
functions.misc.code.tex")
("C:\Users\billy yanuar\AppData\Roaming\MiKTeX\2.9\tex\generic\pgf\math\pgfmath
functions.integerarithmetics.code.tex")))
("C:\Users\billy yanuar\AppData\Roaming\MiKTeX\2.9\tex\generic\pgf\math\pgfmath
float.code.tex"
\c@pgfmathroundto@lastzeros=\count198
))
("C:\Users\billy yanuar\AppData\Roaming\MiKTeX\2.9\tex\generic\pgf\basiclayer\p
gfcorepoints.code.tex"
File: pgfcorepoints.code.tex 2013/10/07  (rcs-revision 1.27)
\pgf@picminx=\dimen199
\pgf@picmaxx=\dimen256
\pgf@picminy=\dimen257
\pgf@picmaxy=\dimen258
\pgf@pathminx=\dimen259
\pgf@pathmaxx=\dimen260
\pgf@pathminy=\dimen261
\pgf@pathmaxy=\dimen262
\pgf@xx=\dimen263
\pgf@xy=\dimen264
\pgf@yx=\dimen265
\pgf@yy=\dimen266
\pgf@zx=\dimen267
\pgf@zy=\dimen268
)
("C:\Users\billy yanuar\AppData\Roaming\MiKTeX\2.9\tex\generic\pgf\basiclayer\p
gfcorepathconstruct.code.tex"
File: pgfcorepathconstruct.code.tex 2013/10/07  (rcs-revision 1.29)
\pgf@path@lastx=\dimen269
\pgf@path@lasty=\dimen270
)
("C:\Users\billy yanuar\AppData\Roaming\MiKTeX\2.9\tex\generic\pgf\basiclayer\p
gfcorepathusage.code.tex"
File: pgfcorepathusage.code.tex 2014/11/02  (rcs-revision 1.24)
\pgf@shorten@end@additional=\dimen271
\pgf@shorten@start@additional=\dimen272
)
("C:\Users\billy yanuar\AppData\Roaming\MiKTeX\2.9\tex\generic\pgf\basiclayer\p
gfcorescopes.code.tex"
File: pgfcorescopes.code.tex 2015/05/08  (rcs-revision 1.46)
\pgfpic=\box80
\pgf@hbox=\box81
\pgf@layerbox@main=\box82
\pgf@picture@serial@count=\count199
)
("C:\Users\billy yanuar\AppData\Roaming\MiKTeX\2.9\tex\generic\pgf\basiclayer\p
gfcoregraphicstate.code.tex"
File: pgfcoregraphicstate.code.tex 2014/11/02  (rcs-revision 1.12)
\pgflinewidth=\dimen273
)
("C:\Users\billy yanuar\AppData\Roaming\MiKTeX\2.9\tex\generic\pgf\basiclayer\p
gfcoretransformations.code.tex"
File: pgfcoretransformations.code.tex 2015/08/07  (rcs-revision 1.20)
\pgf@pt@x=\dimen274
\pgf@pt@y=\dimen275
\pgf@pt@temp=\dimen276
)
("C:\Users\billy yanuar\AppData\Roaming\MiKTeX\2.9\tex\generic\pgf\basiclayer\p
gfcorequick.code.tex"
File: pgfcorequick.code.tex 2008/10/09  (rcs-revision 1.3)
)
("C:\Users\billy yanuar\AppData\Roaming\MiKTeX\2.9\tex\generic\pgf\basiclayer\p
gfcoreobjects.code.tex"
File: pgfcoreobjects.code.tex 2006/10/11  (rcs-revision 1.2)
)
("C:\Users\billy yanuar\AppData\Roaming\MiKTeX\2.9\tex\generic\pgf\basiclayer\p
gfcorepathprocessing.code.tex"
File: pgfcorepathprocessing.code.tex 2013/09/09  (rcs-revision 1.9)
)
("C:\Users\billy yanuar\AppData\Roaming\MiKTeX\2.9\tex\generic\pgf\basiclayer\p
gfcorearrows.code.tex"
File: pgfcorearrows.code.tex 2015/05/14  (rcs-revision 1.43)
\pgfarrowsep=\dimen277
)
("C:\Users\billy yanuar\AppData\Roaming\MiKTeX\2.9\tex\generic\pgf\basiclayer\p
gfcoreshade.code.tex"
File: pgfcoreshade.code.tex 2013/07/15  (rcs-revision 1.15)
\pgf@max=\dimen278
\pgf@sys@shading@range@num=\count266
)
("C:\Users\billy yanuar\AppData\Roaming\MiKTeX\2.9\tex\generic\pgf\basiclayer\p
gfcoreimage.code.tex"
File: pgfcoreimage.code.tex 2013/07/15  (rcs-revision 1.18)

("C:\Users\billy yanuar\AppData\Roaming\MiKTeX\2.9\tex\generic\pgf\basiclayer\p
gfcoreexternal.code.tex"
File: pgfcoreexternal.code.tex 2014/07/09  (rcs-revision 1.21)
\pgfexternal@startupbox=\box83
))
("C:\Users\billy yanuar\AppData\Roaming\MiKTeX\2.9\tex\generic\pgf\basiclayer\p
gfcorelayers.code.tex"
File: pgfcorelayers.code.tex 2013/07/18  (rcs-revision 1.7)
)
("C:\Users\billy yanuar\AppData\Roaming\MiKTeX\2.9\tex\generic\pgf\basiclayer\p
gfcoretransparency.code.tex"
File: pgfcoretransparency.code.tex 2013/09/30  (rcs-revision 1.5)
)
("C:\Users\billy yanuar\AppData\Roaming\MiKTeX\2.9\tex\generic\pgf\basiclayer\p
gfcorepatterns.code.tex"
File: pgfcorepatterns.code.tex 2013/11/07  (rcs-revision 1.5)
)))
("C:\Users\billy yanuar\AppData\Roaming\MiKTeX\2.9\tex\generic\pgf\modules\pgfm
oduleshapes.code.tex"
File: pgfmoduleshapes.code.tex 2014/03/21  (rcs-revision 1.35)
\pgfnodeparttextbox=\box84
)
("C:\Users\billy yanuar\AppData\Roaming\MiKTeX\2.9\tex\generic\pgf\modules\pgfm
oduleplot.code.tex"
File: pgfmoduleplot.code.tex 2015/08/03  (rcs-revision 1.13)
)
("C:\Users\billy yanuar\AppData\Roaming\MiKTeX\2.9\tex\latex\pgf\compatibility\
pgfcomp-version-0-65.sty"
Package: pgfcomp-version-0-65 2007/07/03 v3.0.1a (rcs-revision 1.7)
\pgf@nodesepstart=\dimen279
\pgf@nodesepend=\dimen280
)
("C:\Users\billy yanuar\AppData\Roaming\MiKTeX\2.9\tex\latex\pgf\compatibility\
pgfcomp-version-1-18.sty"
Package: pgfcomp-version-1-18 2007/07/23 v3.0.1a (rcs-revision 1.1)
))
("C:\Users\billy yanuar\AppData\Roaming\MiKTeX\2.9\tex\latex\pgf\utilities\pgff
or.sty"
("C:\Users\billy yanuar\AppData\Roaming\MiKTeX\2.9\tex\latex\pgf\utilities\pgfk
eys.sty"
("C:\Users\billy yanuar\AppData\Roaming\MiKTeX\2.9\tex\generic\pgf\utilities\pg
fkeys.code.tex"))
("C:\Users\billy yanuar\AppData\Roaming\MiKTeX\2.9\tex\latex\pgf\math\pgfmath.s
ty"
("C:\Users\billy yanuar\AppData\Roaming\MiKTeX\2.9\tex\generic\pgf\math\pgfmath
.code.tex"))
("C:\Users\billy yanuar\AppData\Roaming\MiKTeX\2.9\tex\generic\pgf\utilities\pg
ffor.code.tex"
Package: pgffor 2013/12/13 v3.0.1a (rcs-revision 1.25)

("C:\Users\billy yanuar\AppData\Roaming\MiKTeX\2.9\tex\generic\pgf\math\pgfmath
.code.tex")
\pgffor@iter=\dimen281
\pgffor@skip=\dimen282
\pgffor@stack=\toks38
\pgffor@toks=\toks39
))
("C:\Users\billy yanuar\AppData\Roaming\MiKTeX\2.9\tex\generic\pgf\frontendlaye
r\tikz\tikz.code.tex"
Package: tikz 2015/08/07 v3.0.1a (rcs-revision 1.151)

("C:\Users\billy yanuar\AppData\Roaming\MiKTeX\2.9\tex\generic\pgf\libraries\pg
flibraryplothandlers.code.tex"
File: pgflibraryplothandlers.code.tex 2013/08/31 v3.0.1a (rcs-revision 1.20)
\pgf@plot@mark@count=\count267
\pgfplotmarksize=\dimen283
)
\tikz@lastx=\dimen284
\tikz@lasty=\dimen285
\tikz@lastxsaved=\dimen286
\tikz@lastysaved=\dimen287
\tikzleveldistance=\dimen288
\tikzsiblingdistance=\dimen289
\tikz@figbox=\box85
\tikz@figbox@bg=\box86
\tikz@tempbox=\box87
\tikz@tempbox@bg=\box88
\tikztreelevel=\count268
\tikznumberofchildren=\count269
\tikznumberofcurrentchild=\count270
\tikz@fig@count=\count271

("C:\Users\billy yanuar\AppData\Roaming\MiKTeX\2.9\tex\generic\pgf\modules\pgfm
odulematrix.code.tex"
File: pgfmodulematrix.code.tex 2013/09/17  (rcs-revision 1.8)
\pgfmatrixcurrentrow=\count272
\pgfmatrixcurrentcolumn=\count273
\pgf@matrix@numberofcolumns=\count274
)
\tikz@expandcount=\count275

("C:\Users\billy yanuar\AppData\Roaming\MiKTeX\2.9\tex\generic\pgf\frontendlaye
r\tikz\libraries\tikzlibrarytopaths.code.tex"
File: tikzlibrarytopaths.code.tex 2008/06/17 v3.0.1a (rcs-revision 1.2)
)))
("C:\Users\billy yanuar\AppData\Roaming\MiKTeX\2.9\tex\generic\pgfplots\pgfplot
s.code.tex"
("C:\Users\billy yanuar\AppData\Roaming\MiKTeX\2.9\tex\generic\pgfplots\pgfplot
score.code.tex"
\t@pgfplots@toka=\toks40
\t@pgfplots@tokb=\toks41
\t@pgfplots@tokc=\toks42
\pgfplots@tmpa=\dimen290
\c@pgfplots@coordindex=\count276
\c@pgfplots@scanlineindex=\count277

("C:\Users\billy yanuar\AppData\Roaming\MiKTeX\2.9\tex\generic\pgfplots\sys\pgf
plotssysgeneric.code.tex"))
("C:\Users\billy yanuar\AppData\Roaming\MiKTeX\2.9\tex\generic\pgfplots\libs\pg
fplotslibrary.code.tex")
("C:\Users\billy yanuar\AppData\Roaming\MiKTeX\2.9\tex\generic\pgfplots\oldpgfc
ompatib\pgfplotsoldpgfsupp_loader.code.tex"
("C:\Users\billy yanuar\AppData\Roaming\MiKTeX\2.9\tex\generic\pgf\libraries\pg
flibraryfpu.code.tex")
Package pgfplots: loading complementary arithmetics for your pgf version...

("C:\Users\billy yanuar\AppData\Roaming\MiKTeX\2.9\tex\generic\pgfplots\oldpgfc
ompatib\pgfplotsoldpgfsupp_pgflibraryfpu.code.tex")
("C:\Users\billy yanuar\AppData\Roaming\MiKTeX\2.9\tex\generic\pgfplots\oldpgfc
ompatib\pgfplotsoldpgfsupp_pgfmathfloat.code.tex"
\c@pgfmathroundto@lastzeros=\count278
))
("C:\Users\billy yanuar\AppData\Roaming\MiKTeX\2.9\tex\generic\pgfplots\util\pg
fplotsutil.code.tex"
("C:\Users\billy yanuar\AppData\Roaming\MiKTeX\2.9\tex\generic\pgfplots\liststr
ucture\pgfplotsliststructure.code.tex")
("C:\Users\billy yanuar\AppData\Roaming\MiKTeX\2.9\tex\generic\pgfplots\liststr
ucture\pgfplotsliststructureext.code.tex")
("C:\Users\billy yanuar\AppData\Roaming\MiKTeX\2.9\tex\generic\pgfplots\liststr
ucture\pgfplotsarray.code.tex"
\c@pgfplotsarray@tmp=\count279
)
("C:\Users\billy yanuar\AppData\Roaming\MiKTeX\2.9\tex\generic\pgfplots\liststr
ucture\pgfplotsmatrix.code.tex")
("C:\Users\billy yanuar\AppData\Roaming\MiKTeX\2.9\tex\generic\pgfplots\numtabl
e\pgfplotstableshared.code.tex"
\c@pgfplotstable@counta=\count280
\t@pgfplotstable@a=\toks43
)
("C:\Users\billy yanuar\AppData\Roaming\MiKTeX\2.9\tex\generic\pgfplots\liststr
ucture\pgfplotsdeque.code.tex")
("C:\Users\billy yanuar\AppData\Roaming\MiKTeX\2.9\tex\generic\pgfplots\util\pg
fplotsbinary.code.tex"
("C:\Users\billy yanuar\AppData\Roaming\MiKTeX\2.9\tex\generic\pgfplots\util\pg
fplotsbinary.data.code.tex"))
("C:\Users\billy yanuar\AppData\Roaming\MiKTeX\2.9\tex\generic\pgfplots\util\pg
fplotsutil.verb.code.tex")
("C:\Users\billy yanuar\AppData\Roaming\MiKTeX\2.9\tex\generic\pgfplots\libs\pg
flibrarypgfplots.surfshading.code.tex"
\c@pgfplotslibrarysurf@no=\count281

("C:\Users\billy yanuar\AppData\Roaming\MiKTeX\2.9\tex\generic\pgfplots\sys\pgf
librarypgfplots.surfshading.pgfsys-pdftex.def")))
("C:\Users\billy yanuar\AppData\Roaming\MiKTeX\2.9\tex\generic\pgfplots\util\pg
fplotscolormap.code.tex"
("C:\Users\billy yanuar\AppData\Roaming\MiKTeX\2.9\tex\generic\pgfplots\util\pg
fplotscolor.code.tex"))
("C:\Users\billy yanuar\AppData\Roaming\MiKTeX\2.9\tex\generic\pgfplots\pgfplot
sstackedplots.code.tex")
("C:\Users\billy yanuar\AppData\Roaming\MiKTeX\2.9\tex\generic\pgfplots\pgfplot
splothandlers.code.tex"
("C:\Users\billy yanuar\AppData\Roaming\MiKTeX\2.9\tex\generic\pgfplots\pgfplot
smeshplothandler.code.tex"
("C:\Users\billy yanuar\AppData\Roaming\MiKTeX\2.9\tex\generic\pgfplots\pgfplot
smeshplotimage.code.tex")))
("C:\Users\billy yanuar\AppData\Roaming\MiKTeX\2.9\tex\generic\pgfplots\pgfplot
s.scaling.code.tex")
("C:\Users\billy yanuar\AppData\Roaming\MiKTeX\2.9\tex\generic\pgfplots\pgfplot
scoordprocessing.code.tex")
("C:\Users\billy yanuar\AppData\Roaming\MiKTeX\2.9\tex\generic\pgfplots\pgfplot
s.errorbars.code.tex")
("C:\Users\billy yanuar\AppData\Roaming\MiKTeX\2.9\tex\generic\pgfplots\pgfplot
s.markers.code.tex")
("C:\Users\billy yanuar\AppData\Roaming\MiKTeX\2.9\tex\generic\pgfplots\pgfplot
sticks.code.tex")
("C:\Users\billy yanuar\AppData\Roaming\MiKTeX\2.9\tex\generic\pgfplots\pgfplot
s.paths.code.tex")
("C:\Users\billy yanuar\AppData\Roaming\MiKTeX\2.9\tex\generic\pgf\frontendlaye
r\tikz\libraries\tikzlibrarydecorations.code.tex"
("C:\Users\billy yanuar\AppData\Roaming\MiKTeX\2.9\tex\generic\pgf\modules\pgfm
oduledecorations.code.tex"
\pgfdecoratedcompleteddistance=\dimen291
\pgfdecoratedremainingdistance=\dimen292
\pgfdecoratedinputsegmentcompleteddistance=\dimen293
\pgfdecoratedinputsegmentremainingdistance=\dimen294
\pgf@decorate@distancetomove=\dimen295
\pgf@decorate@repeatstate=\count282
\pgfdecorationsegmentamplitude=\dimen296
\pgfdecorationsegmentlength=\dimen297
)
\tikz@lib@dec@box=\box89
)
("C:\Users\billy yanuar\AppData\Roaming\MiKTeX\2.9\tex\generic\pgf\frontendlaye
r\tikz\libraries\tikzlibrarydecorations.pathmorphing.code.tex"
("C:\Users\billy yanuar\AppData\Roaming\MiKTeX\2.9\tex\generic\pgf\libraries\de
corations\pgflibrarydecorations.pathmorphing.code.tex"))
("C:\Users\billy yanuar\AppData\Roaming\MiKTeX\2.9\tex\generic\pgf\frontendlaye
r\tikz\libraries\tikzlibrarydecorations.pathreplacing.code.tex"
("C:\Users\billy yanuar\AppData\Roaming\MiKTeX\2.9\tex\generic\pgf\libraries\de
corations\pgflibrarydecorations.pathreplacing.code.tex"))
\pgfplots@numplots=\count283
\pgfplots@xmin@reg=\dimen298
\pgfplots@xmax@reg=\dimen299
\pgfplots@ymin@reg=\dimen300
\pgfplots@ymax@reg=\dimen301
\pgfplots@zmin@reg=\dimen302
\pgfplots@zmax@reg=\dimen303
)
("C:\Users\billy yanuar\AppData\Roaming\MiKTeX\2.9\tex\generic\pgf\frontendlaye
r\tikz\libraries\tikzlibraryplotmarks.code.tex"
File: tikzlibraryplotmarks.code.tex 2008/01/09 v3.0.1a (rcs-revision 1.1)

("C:\Users\billy yanuar\AppData\Roaming\MiKTeX\2.9\tex\generic\pgf\libraries\pg
flibraryplotmarks.code.tex"
File: pgflibraryplotmarks.code.tex 2015/08/03 v3.0.1a (rcs-revision 1.14)
)))
("C:\Users\billy yanuar\AppData\Roaming\MiKTeX\2.9\tex\generic\pgf\frontendlaye
r\tikz\libraries\tikzlibrarypatterns.code.tex"
File: tikzlibrarypatterns.code.tex 2008/01/15 v3.0.1a (rcs-revision 1.2)

("C:\Users\billy yanuar\AppData\Roaming\MiKTeX\2.9\tex\generic\pgf\libraries\pg
flibrarypatterns.code.tex"
File: pgflibrarypatterns.code.tex 2008/03/03 v3.0.1a (rcs-revision 1.13)
)))
\@input{dosen.aux}
\openout2 = `dosen.aux'.

(dosen.tex) (skripsi.aux (Bab/bab1.aux) (Bab/bab2.aux) (Bab/bab3.aux)
(Bab/bab4.aux) (Bab/bab5.aux) (Bab/bab6.aux) (Lampiran/lampA.aux)
(Lampiran/lampB.aux) (Lampiran/lampC.aux) (Lampiran/lampD.aux)
(Lampiran/lampE.aux) (Lampiran/lampF.aux) (Lampiran/lampG.aux)
(Lampiran/lampH.aux) (Lampiran/lampI.aux))
\openout1 = `skripsi.aux'.

LaTeX Font Info:    Checking defaults for OML/cmm/m/it on input line 284.
LaTeX Font Info:    ... okay on input line 284.
LaTeX Font Info:    Checking defaults for T1/cmr/m/n on input line 284.
LaTeX Font Info:    ... okay on input line 284.
LaTeX Font Info:    Checking defaults for OT1/cmr/m/n on input line 284.
LaTeX Font Info:    ... okay on input line 284.
LaTeX Font Info:    Checking defaults for OMS/cmsy/m/n on input line 284.
LaTeX Font Info:    ... okay on input line 284.
LaTeX Font Info:    Checking defaults for OMX/cmex/m/n on input line 284.
LaTeX Font Info:    ... okay on input line 284.
LaTeX Font Info:    Checking defaults for U/cmr/m/n on input line 284.
LaTeX Font Info:    ... okay on input line 284.
LaTeX Font Info:    Checking defaults for PD1/pdf/m/n on input line 284.
LaTeX Font Info:    ... okay on input line 284.
LaTeX Font Info:    Checking defaults for PU/pdf/m/n on input line 284.
LaTeX Font Info:    ... okay on input line 284.

("C:\Program Files\MiKTeX 2.9\tex\context\base\supp-pdf.mkii"
[Loading MPS to PDF converter (version 2006.09.02).]
\scratchcounter=\count284
\scratchdimen=\dimen304
\scratchbox=\box90
\nofMPsegments=\count285
\nofMParguments=\count286
\everyMPshowfont=\toks44
\MPscratchCnt=\count287
\MPscratchDim=\dimen305
\MPnumerator=\count288
\makeMPintoPDFobject=\count289
\everyMPtoPDFconversion=\toks45
) ("C:\Program Files\MiKTeX 2.9\tex\latex\oberdiek\epstopdf-base.sty"
Package: epstopdf-base 2016/05/15 v2.6 Base part for package epstopdf

("C:\Program Files\MiKTeX 2.9\tex\latex\oberdiek\grfext.sty"
Package: grfext 2016/05/16 v1.2 Manage graphics extensions (HO)
)
Package epstopdf-base Info: Redefining graphics rule for `.eps' on input line 4
38.
Package grfext Info: Graphics extension search list:
(grfext)             [.png,.pdf,.jpg,.mps,.jpeg,.jbig2,.jb2,.PNG,.PDF,.JPG,.JPE
G,.JBIG2,.JB2,.eps]
(grfext)             \AppendGraphicsExtensions on input line 456.
)
*geometry* driver: auto-detecting
*geometry* detected driver: pdftex
*geometry* verbose mode - [ preamble ] result:
* driver: pdftex
* paper: a4paper
* layout: <same size as paper>
* layoutoffset:(h,v)=(0.0pt,0.0pt)
* modes: twoside 
* h-part:(L,W,R)=(71.13188pt, 469.47049pt, 56.9055pt)
* v-part:(T,H,B)=(71.13188pt, 702.78308pt, 71.13188pt)
* \paperwidth=597.50787pt
* \paperheight=845.04684pt
* \textwidth=469.47049pt
* \textheight=702.78308pt
* \oddsidemargin=-1.1381pt
* \evensidemargin=-15.36449pt
* \topmargin=-38.1381pt
* \headheight=15.0pt
* \headsep=25.0pt
* \topskip=11.0pt
* \footskip=30.0pt
* \marginparwidth=103.0pt
* \marginparsep=10.0pt
* \columnsep=10.0pt
* \skip\footins=10.0pt plus 4.0pt minus 2.0pt
* \hoffset=0.0pt
* \voffset=0.0pt
* \mag=1000
* \@twocolumnfalse
* \@twosidetrue
* \@mparswitchtrue
* \@reversemarginfalse
* (1in=72.27pt=25.4mm, 1cm=28.453pt)

\c@lstlisting=\count290
\AtBeginShipoutBox=\box91
Package hyperref Info: Link coloring ON on input line 284.
("C:\Program Files\MiKTeX 2.9\tex\latex\hyperref\nameref.sty"
Package: nameref 2016/05/21 v2.44 Cross-referencing by name of section

("C:\Program Files\MiKTeX 2.9\tex\generic\oberdiek\gettitlestring.sty"
Package: gettitlestring 2016/05/16 v1.5 Cleanup title references (HO)
)
\c@section@level=\count291
)
LaTeX Info: Redefining \ref on input line 284.
LaTeX Info: Redefining \pageref on input line 284.
LaTeX Info: Redefining \nameref on input line 284.

(skripsi.out) (skripsi.out)
\@outlinefile=\write5
\openout5 = `skripsi.out'.

 ABD: EveryShipout initializing macros
Package pgfplots notification 'compat/show suggested version=true': document ha
s been generated with the most recent feature set (\pgfplotsset{compat=1.14}).

<Gambar/logo-unpar.png, id=234, 360.59718pt x 356.0803pt>
File: Gambar/logo-unpar.png Graphic file (type png)

<use Gambar/logo-unpar.png>
Package pdftex.def Info: Gambar/logo-unpar.png used on input line 473.
(pdftex.def)             Requested size: 144.23631pt x 142.4296pt.
 [1





{C:/Users/billy yanuar/AppData/Local/MiKTeX/2.9/pdftex/config/pdftex.map} <./Ga
mbar/logo-unpar.png>] [2

]
File: Gambar/logo-unpar.png Graphic file (type png)

<use Gambar/logo-unpar.png>
Package pdftex.def Info: Gambar/logo-unpar.png used on input line 473.
(pdftex.def)             Requested size: 144.23631pt x 142.4296pt.
 [3] [4

] [5] [6

] [7] [8

] (skripsi.toc
LaTeX Font Info:    Font shape `T1/lmr/bx/sc' in size <10.95> not available
(Font)              Font shape `T1/cmr/bx/sc' tried instead on input line 2.
LaTeX Font Info:    Try loading font information for OT1+lmr on input line 2.

("C:\Program Files\MiKTeX 2.9\tex\latex\lm\ot1lmr.fd"
File: ot1lmr.fd 2009/10/30 v1.6 Font defs for Latin Modern
)
LaTeX Font Info:    Try loading font information for OML+lmm on input line 2.

("C:\Program Files\MiKTeX 2.9\tex\latex\lm\omllmm.fd"
File: omllmm.fd 2009/10/30 v1.6 Font defs for Latin Modern
)
LaTeX Font Info:    Try loading font information for OMS+lmsy on input line 2.

("C:\Program Files\MiKTeX 2.9\tex\latex\lm\omslmsy.fd"
File: omslmsy.fd 2009/10/30 v1.6 Font defs for Latin Modern
)
LaTeX Font Info:    Try loading font information for OMX+lmex on input line 2.

("C:\Program Files\MiKTeX 2.9\tex\latex\lm\omxlmex.fd"
File: omxlmex.fd 2009/10/30 v1.6 Font defs for Latin Modern
)
LaTeX Font Info:    External font `lmex10' loaded for size
(Font)              <10.95> on input line 2.
LaTeX Font Info:    External font `lmex10' loaded for size
(Font)              <8> on input line 2.
LaTeX Font Info:    External font `lmex10' loaded for size
(Font)              <6> on input line 2.
LaTeX Font Info:    Try loading font information for U+msa on input line 2.

("C:\Program Files\MiKTeX 2.9\tex\latex\amsfonts\umsa.fd"
File: umsa.fd 2013/01/14 v3.01 AMS symbols A
)
LaTeX Font Info:    Try loading font information for U+msb on input line 2.

("C:\Program Files\MiKTeX 2.9\tex\latex\amsfonts\umsb.fd"
File: umsb.fd 2013/01/14 v3.01 AMS symbols B
) [9])
\tf@toc=\write6
\openout6 = `skripsi.toc'.

 [10]
(skripsi.lof)
\tf@lof=\write7
\openout7 = `skripsi.lof'.

 [11] (skripsi.lot)
\tf@lot=\write8
\openout8 = `skripsi.lot'.

 [12]
*geometry* verbose mode - [ newgeometry ] result:
* driver: pdftex
* paper: a4paper
* layout: <same size as paper>
* layoutoffset:(h,v)=(0.0pt,0.0pt)
* modes: twoside 
* h-part:(L,W,R)=(85.35826pt, 433.90454pt, 78.24507pt)
* v-part:(T,H,B)=(56.9055pt, 731.23584pt, 56.9055pt)
* \paperwidth=597.50787pt
* \paperheight=845.04684pt
* \textwidth=433.90454pt
* \textheight=731.23584pt
* \oddsidemargin=13.08827pt
* \evensidemargin=5.97508pt
* \topmargin=-55.36449pt
* \headheight=15.0pt
* \headsep=25.0pt
* \topskip=11.0pt
* \footskip=30.0pt
* \marginparwidth=103.0pt
* \marginparsep=10.0pt
* \columnsep=10.0pt
* \skip\footins=10.0pt plus 4.0pt minus 2.0pt
* \hoffset=0.0pt
* \voffset=0.0pt
* \mag=1000
* \@twocolumnfalse
* \@twosidetrue
* \@mparswitchtrue
* \@reversemarginfalse
* (1in=72.27pt=25.4mm, 1cm=28.453pt)

\openout2 = `Bab/bab1.aux'.

 (Bab/bab1.tex
Bab 1.
LaTeX Font Info:    Try loading font information for T1+lmss on input line 1.
("C:\Program Files\MiKTeX 2.9\tex\latex\lm\t1lmss.fd"
File: t1lmss.fd 2009/10/30 v1.6 Font defs for Latin Modern
)
LaTeX Font Info:    External font `lmex10' loaded for size
(Font)              <9> on input line 11.
LaTeX Font Info:    External font `lmex10' loaded for size
(Font)              <5> on input line 11.
 [1





] [2]
LaTeX Font Info:    Try loading font information for OMS+lmr on input line 72.

("C:\Program Files\MiKTeX 2.9\tex\latex\lm\omslmr.fd"
File: omslmr.fd 2009/10/30 v1.6 Font defs for Latin Modern
)
LaTeX Font Info:    Font shape `OMS/lmr/m/n' in size <10.95> not available
(Font)              Font shape `OMS/lmsy/m/n' tried instead on input line 72.

Overfull \hbox (2.96721pt too wide) in paragraph at lines 72--73
[]\T1/lmr/m/n/10.95 Bab 1 mem-ba-has la-tar be-la-kang, ru-mus-an ma-sa-lah, tu
-ju-an pe-nu-lis-an, batasan-batasan,
 []

) [3]
\openout2 = `Bab/bab2.aux'.

 (Bab/bab2.tex [4



]
Bab 2.
<Gambar/flowChartCI.jpg, id=470, 554.82281pt x 176.15813pt>
File: Gambar/flowChartCI.jpg Graphic file (type jpg)

<use Gambar/flowChartCI.jpg>
Package pdftex.def Info: Gambar/flowChartCI.jpg used on input line 17.
(pdftex.def)             Requested size: 416.11609pt x 132.11826pt.

Overfull \hbox (8.83829pt too wide) in paragraph at lines 24--25
[]\T1/lmr/m/n/10.95 Index.php ber-fung-si se-ba-gai pe-ngon-trol uta-ma, yang m
eng-i-ni-si-a-li-sa-sik-an sumber-sumber
 []

[5 <./Gambar/flowChartCI.jpg>] [6]
LaTeX Font Info:    Try loading font information for T1+lmtt on input line 63.

("C:\Program Files\MiKTeX 2.9\tex\latex\lm\t1lmtt.fd"
File: t1lmtt.fd 2009/10/30 v1.6 Font defs for Latin Modern
) [7] [8] [9] [10]
Overfull \hbox (18.08678pt too wide) in paragraph at lines 238--281
 [] 
 []

[11]
Overfull \hbox (18.08678pt too wide) in paragraph at lines 304--337
 [] 
 []

[12] [13] <Gambar/Dabin1.jpg, id=640, 321.45094pt x 192.72pt>
File: Gambar/Dabin1.jpg Graphic file (type jpg)

<use Gambar/Dabin1.jpg>
Package pdftex.def Info: Gambar/Dabin1.jpg used on input line 359.
(pdftex.def)             Requested size: 241.0876pt x 144.53963pt.
 <Gambar/Dabin2.jpg, id=642, 316.18124pt x 220.57407pt>
File: Gambar/Dabin2.jpg Graphic file (type jpg)

<use Gambar/Dabin2.jpg>
Package pdftex.def Info: Gambar/Dabin2.jpg used on input line 366.
(pdftex.def)             Requested size: 237.13535pt x 165.43013pt.

Overfull \hbox (12.95209pt too wide) in paragraph at lines 377--378
\T1/lmr/m/n/10.95 AngularJS[[]] ju-ga me-ru-pak-an sa-lah sa-tu \T1/lmr/m/it/10
.95 fra-me-work \T1/lmr/m/n/10.95 yang meng-gu-nak-an \T1/lmr/m/it/10.95 Model-
View-Controller
 []

[14 <./Gambar/Dabin1.jpg> <./Gambar/Dabin2.jpg>] [15] [16]
<Gambar/gridOption.jpg, id=715, 638.385pt x 300.3722pt>
File: Gambar/gridOption.jpg Graphic file (type jpg)

<use Gambar/gridOption.jpg>
Package pdftex.def Info: Gambar/gridOption.jpg used on input line 478.
(pdftex.def)             Requested size: 478.78757pt x 225.27858pt.

Overfull \hbox (44.88303pt too wide) in paragraph at lines 478--479
 [][] 
 []

<Gambar/kolom.jpg, id=716, 666.99188pt x 182.93344pt>
File: Gambar/kolom.jpg Graphic file (type jpg)
 <use Gambar/kolom.jpg>
Package pdftex.def Info: Gambar/kolom.jpg used on input line 485.
(pdftex.def)             Requested size: 500.24268pt x 137.19974pt.

Overfull \hbox (66.33813pt too wide) in paragraph at lines 485--486
 [][] 
 []

[17 <./Gambar/gridOption.jpg>]
<Gambar/hasilForm.jpg, id=728, 628.59843pt x 256.70906pt>
File: Gambar/hasilForm.jpg Graphic file (type jpg)

<use Gambar/hasilForm.jpg>
Package pdftex.def Info: Gambar/hasilForm.jpg used on input line 520.
(pdftex.def)             Requested size: 471.44766pt x 192.53131pt.

Overfull \hbox (37.54312pt too wide) in paragraph at lines 520--521
 [][] 
 []

) [18 <./Gambar/kolom.jpg> <./Gambar/hasilForm.jpg>]
\openout2 = `Bab/bab3.aux'.

 (Bab/bab3.tex
Bab 3.
[19



] [20] <Gambar/C_skripsi.jpg, id=771, 175.40532pt x 114.4275pt>
File: Gambar/C_skripsi.jpg Graphic file (type jpg)

<use Gambar/C_skripsi.jpg>
Package pdftex.def Info: Gambar/C_skripsi.jpg used on input line 57.
(pdftex.def)             Requested size: 175.40488pt x 114.42722pt.
 [21 <./Gambar/C_skripsi.jpg>]
Overfull \hbox (18.08678pt too wide) in paragraph at lines 159--234
 [][] 
 []


Underfull \hbox (badness 10000) in paragraph at lines 154--234

 []

[22]
Overfull \hbox (18.08678pt too wide) in paragraph at lines 240--291
 [][] 
 []


Overfull \hbox (18.08678pt too wide) in paragraph at lines 294--309
 [][] 
 []

[23]
Overfull \vbox (31.7422pt too high) has occurred while \output is active []


[24] [25] <Gambar/usecase.jpg, id=818, 362.35374pt x 261.97874pt>
File: Gambar/usecase.jpg Graphic file (type jpg)

<use Gambar/usecase.jpg>
Package pdftex.def Info: Gambar/usecase.jpg used on input line 358.
(pdftex.def)             Requested size: 271.76463pt x 196.48357pt.
 [26 <./Gambar/usecase.jpg>]) [27]
\openout2 = `Bab/bab4.aux'.

 (Bab/bab4.tex
[28



]
Bab 4.
[29] [30] [31] <Gambar/beritaacara.png, id=957, 557.6835pt x 493.24275pt>
File: Gambar/beritaacara.png Graphic file (type png)

<use Gambar/beritaacara.png>
Package pdftex.def Info: Gambar/beritaacara.png used on input line 227.
(pdftex.def)             Requested size: 418.2616pt x 369.93115pt.

<Gambar/rekapitulasi.png, id=959, 741.36975pt x 446.8695pt>
File: Gambar/rekapitulasi.png Graphic file (type png)

<use Gambar/rekapitulasi.png>
Package pdftex.def Info: Gambar/rekapitulasi.png used on input line 235.
(pdftex.def)             Requested size: 370.68396pt x 223.4342pt.
) [32 <./Gambar/beritaacara.png>] [33 <./Gambar/rekapitulasi.png>]
\openout2 = `Bab/bab5.aux'.

 (Bab/bab5.tex [34



]
Bab 5.
<Gambar/beritaacaraisi.jpg, id=975, 1142.46825pt x 557.6835pt>
File: Gambar/beritaacaraisi.jpg Graphic file (type jpg)

<use Gambar/beritaacaraisi.jpg>
Package pdftex.def Info: Gambar/beritaacaraisi.jpg used on input line 37.
(pdftex.def)             Requested size: 456.9792pt x 223.06944pt.

Overfull \hbox (23.07466pt too wide) in paragraph at lines 37--38
 [][] 
 []

[35] <Gambar/ketuaisi.jpg, id=988, 1146.08176pt x 436.63126pt>
File: Gambar/ketuaisi.jpg Graphic file (type jpg)

<use Gambar/ketuaisi.jpg>
Package pdftex.def Info: Gambar/ketuaisi.jpg used on input line 45.
(pdftex.def)             Requested size: 458.42458pt x 174.6494pt.

Overfull \hbox (24.52003pt too wide) in paragraph at lines 45--46
 [][] 
 []

<Gambar/anggotaisi.jpg, id=989, 1144.87724pt x 354.123pt>
File: Gambar/anggotaisi.jpg Graphic file (type jpg)

<use Gambar/anggotaisi.jpg>
Package pdftex.def Info: Gambar/anggotaisi.jpg used on input line 51.
(pdftex.def)             Requested size: 457.9428pt x 141.64668pt.

Overfull \hbox (24.03825pt too wide) in paragraph at lines 51--52
 [][] 
 []

<Gambar/pembimbingisi.jpg, id=990, 1144.275pt x 372.79276pt>
File: Gambar/pembimbingisi.jpg Graphic file (type jpg)

<use Gambar/pembimbingisi.jpg>
Package pdftex.def Info: Gambar/pembimbingisi.jpg used on input line 57.
(pdftex.def)             Requested size: 457.70189pt x 149.11446pt.

Overfull \hbox (23.79735pt too wide) in paragraph at lines 57--58
 [][] 
 []

[36 <./Gambar/beritaacaraisi.jpg> <./Gambar/ketuaisi.jpg>]
<Gambar/selesaiisi.jpg, id=996, 1145.4795pt x 289.68225pt>
File: Gambar/selesaiisi.jpg Graphic file (type jpg)

<use Gambar/selesaiisi.jpg>
Package pdftex.def Info: Gambar/selesaiisi.jpg used on input line 65.
(pdftex.def)             Requested size: 458.18369pt x 115.87083pt.

Overfull \hbox (24.27914pt too wide) in paragraph at lines 65--66
 [][] 
 []

<Gambar/selesaiisi2.jpg, id=997, 1143.0705pt x 284.262pt>
File: Gambar/selesaiisi2.jpg Graphic file (type jpg)

<use Gambar/selesaiisi2.jpg>
Package pdftex.def Info: Gambar/selesaiisi2.jpg used on input line 71.
(pdftex.def)             Requested size: 457.2201pt x 113.70277pt.

Overfull \hbox (23.31555pt too wide) in paragraph at lines 71--72
 [][] 
 []

[37 <./Gambar/anggotaisi.jpg> <./Gambar/pembimbingisi.jpg> <./Gambar/selesaiisi
.jpg>] [38 <./Gambar/selesaiisi2.jpg>]
Underfull \hbox (badness 2717) in paragraph at lines 245--246
[]|\T1/lmr/m/n/10.95 Pembangunan Ro-bot Fo-rex
 []

[39] [40] [41] [42] [43]
Underfull \hbox (badness 10000) in paragraph at lines 518--518
\T1/lmr/m/n/10.95 per-be-da-an tam-pil-an pa-da
 []


Underfull \hbox (badness 10000) in paragraph at lines 518--519
[]|\T1/lmr/m/n/10.95 Fungsi ber-jal-an
 []


Underfull \hbox (badness 10000) in paragraph at lines 520--520
\T1/lmr/m/n/10.95 per-be-da-an tam-pil-an pa-da
 []


Underfull \hbox (badness 10000) in paragraph at lines 520--521
[]|\T1/lmr/m/n/10.95 Fungsi ber-jal-an
 []


Underfull \hbox (badness 10000) in paragraph at lines 522--523
[]|\T1/lmr/m/n/10.95 Fungsi ber-jal-an
 []


Overfull \hbox (64.2263pt too wide) in paragraph at lines 514--525
 [][] 
 []

[44] <Gambar/MsEdge.png, id=1034, 1156.32pt x 650.43pt>
File: Gambar/MsEdge.png Graphic file (type png)

<use Gambar/MsEdge.png>
Package pdftex.def Info: Gambar/MsEdge.png used on input line 529.
(pdftex.def)             Requested size: 462.5198pt x 260.16739pt.

<Gambar/MsEdgeSelesai.png, id=1035, 1156.32pt x 650.43pt>
File: Gambar/MsEdgeSelesai.png Graphic file (type png)

<use Gambar/MsEdgeSelesai.png>
Package pdftex.def Info: Gambar/MsEdgeSelesai.png used on input line 530.
(pdftex.def)             Requested size: 462.5198pt x 260.16739pt.

Overfull \hbox (28.61526pt too wide) in paragraph at lines 529--531
 [][] 
 []


Overfull \hbox (28.61526pt too wide) in paragraph at lines 529--531
 [] 
 []

[45] <Gambar/Mozila.png, id=1040, 1156.32pt x 650.43pt>
File: Gambar/Mozila.png Graphic file (type png)

<use Gambar/Mozila.png>
Package pdftex.def Info: Gambar/Mozila.png used on input line 537.
(pdftex.def)             Requested size: 462.5198pt x 260.16739pt.

<Gambar/MozilaSelesai.png, id=1041, 1156.32pt x 650.43pt>
File: Gambar/MozilaSelesai.png Graphic file (type png)

<use Gambar/MozilaSelesai.png>
Package pdftex.def Info: Gambar/MozilaSelesai.png used on input line 538.
(pdftex.def)             Requested size: 462.5198pt x 260.16739pt.

Overfull \hbox (28.61526pt too wide) in paragraph at lines 537--539
 [][] 
 []


Overfull \hbox (28.61526pt too wide) in paragraph at lines 537--539
 [] 
 []

[46 <./Gambar/MsEdge.png> <./Gambar/MsEdgeSelesai.png>]
<Gambar/hp_menu.png, id=1046, 722.7pt x 1284.8pt>
File: Gambar/hp_menu.png Graphic file (type png)
 <use Gambar/hp_menu.png>
Package pdftex.def Info: Gambar/hp_menu.png used on input line 545.
(pdftex.def)             Requested size: 144.53743pt x 256.95544pt.

[47 <./Gambar/Mozila.png> <./Gambar/MozilaSelesai.png>]
<Gambar/hp_beritaacara.png, id=1051, 722.7pt x 1284.8pt>
File: Gambar/hp_beritaacara.png Graphic file (type png)

<use Gambar/hp_beritaacara.png>
Package pdftex.def Info: Gambar/hp_beritaacara.png used on input line 552.
(pdftex.def)             Requested size: 144.53743pt x 256.95544pt.

<Gambar/hp_nilai.png, id=1052, 430.60875pt x 327.02174pt>
File: Gambar/hp_nilai.png Graphic file (type png)

<use Gambar/hp_nilai.png>
Package pdftex.def Info: Gambar/hp_nilai.png used on input line 559.
(pdftex.def)             Requested size: 86.12021pt x 65.40318pt.
 <Gambar/hp_ketua.png, id=1053, 722.7pt x 1284.8pt>
File: Gambar/hp_ketua.png Graphic file (type png)

<use Gambar/hp_ketua.png>
Package pdftex.def Info: Gambar/hp_ketua.png used on input line 566.
(pdftex.def)             Requested size: 144.53743pt x 256.95544pt.
 [48 <./Gambar/hp_menu.png> <./Gambar/hp_beritaacara.png> <./Gambar/hp_nilai.pn
g>]
<Gambar/hp_anggota.png, id=1058, 722.7pt x 1284.8pt>
File: Gambar/hp_anggota.png Graphic file (type png)

<use Gambar/hp_anggota.png>
Package pdftex.def Info: Gambar/hp_anggota.png used on input line 573.
(pdftex.def)             Requested size: 144.53743pt x 256.95544pt.

<Gambar/hp_pembimbing.png, id=1059, 722.7pt x 1284.8pt>
File: Gambar/hp_pembimbing.png Graphic file (type png)

<use Gambar/hp_pembimbing.png>
Package pdftex.def Info: Gambar/hp_pembimbing.png used on input line 580.
(pdftex.def)             Requested size: 144.53743pt x 256.95544pt.
 [49 <./Gambar/hp_ketua.png> <./Gambar/hp_anggota.png>] <Gambar/hp_selesai.png,
 id=1065, 722.7pt x 1284.8pt>
File: Gambar/hp_selesai.png Graphic file (type png)

<use Gambar/hp_selesai.png>
Package pdftex.def Info: Gambar/hp_selesai.png used on input line 587.
(pdftex.def)             Requested size: 144.53743pt x 256.95544pt.
) [50 <./Gambar/hp_pembimbing.png> <./Gambar/hp_selesai.png>]
\openout2 = `Bab/bab6.aux'.

 (Bab/bab6.tex
Bab 6.
) [51



] (skripsi.bbl [52


]) [53]
\openout2 = `Lampiran/lampA.aux'.

 (Lampiran/lampA.tex [54


]
Lampiran A.
<Gambar/dokumen_skripsi.jpg, id=1098, 846.7635pt x 1238.226pt>
File: Gambar/dokumen_skripsi.jpg Graphic file (type jpg)

<use Gambar/dokumen_skripsi.jpg>
Package pdftex.def Info: Gambar/dokumen_skripsi.jpg used on input line 8.
(pdftex.def)             Requested size: 169.3497pt x 247.64081pt.
 [55 <./Gambar/dokumen_skripsi.jpg>]

LaTeX Warning: Reference `fig:appxa3' on page 56 undefined on input line 13.

<Gambar/dokumen_rekap.jpg, id=1104, 879.88725pt x 1202.69325pt>
File: Gambar/dokumen_rekap.jpg Graphic file (type jpg)

<use Gambar/dokumen_rekap.jpg>
Package pdftex.def Info: Gambar/dokumen_rekap.jpg used on input line 17.
(pdftex.def)             Requested size: 175.97433pt x 240.5344pt.
) [56 <./Gambar/dokumen_rekap.jpg>]
\openout2 = `Lampiran/lampB.aux'.


(Lampiran/lampB.tex
Lampiran B.

("C:\Users\billy yanuar\AppData\Roaming\MiKTeX\2.9\tex\latex\listings\lstlang1.
sty"
File: lstlang1.sty 2015/06/04 1.6 listings language file
)
("C:\Users\billy yanuar\AppData\Roaming\MiKTeX\2.9\tex\latex\listings\lstlang2.
sty"
File: lstlang2.sty 2015/06/04 1.6 listings language file
)
LaTeX Font Info:    Font shape `OMS/lmr/m/n' in size <6> not available
(Font)              Font shape `OMS/lmsy/m/n' tried instead on input line 19.
 [57



] [58] [59] [60] [61] [62] [63] [64] [65] [66]) [67]
\openout2 = `Lampiran/lampC.aux'.


(Lampiran/lampC.tex)
\openout2 = `Lampiran/lampD.aux'.

 (Lampiran/lampD.tex)
\openout2 = `Lampiran/lampE.aux'.

 (Lampiran/lampE.tex)
\openout2 = `Lampiran/lampF.aux'.


(Lampiran/lampF.tex)
\openout2 = `Lampiran/lampG.aux'.

 (Lampiran/lampG.tex)
\openout2 = `Lampiran/lampH.aux'.

 (Lampiran/lampH.tex)
\openout2 = `Lampiran/lampI.aux'.


(Lampiran/lampI.tex)
Package atveryend Info: Empty hook `BeforeClearDocument' on input line 510.
Package atveryend Info: Empty hook `AfterLastShipout' on input line 510.
 (skripsi.aux (Bab/bab1.aux) (Bab/bab2.aux) (Bab/bab3.aux)
(Bab/bab4.aux) (Bab/bab5.aux) (Bab/bab6.aux) (Lampiran/lampA.aux)
(Lampiran/lampB.aux) (Lampiran/lampC.aux) (Lampiran/lampD.aux)
(Lampiran/lampE.aux) (Lampiran/lampF.aux) (Lampiran/lampG.aux)
(Lampiran/lampH.aux) (Lampiran/lampI.aux))
Package atveryend Info: Executing hook `AtVeryEndDocument' on input line 510.
Package atveryend Info: Executing hook `AtEndAfterFileList' on input line 510.
Package rerunfilecheck Info: File `skripsi.out' has not changed.
(rerunfilecheck)             Checksum: 5EBD33633C1D4AF3F44492142B02BCAF;7808.


LaTeX Warning: There were undefined references.

 ) 
Here is how much of TeX's memory you used:
 44330 strings out of 493333
 947964 string characters out of 3139171
 2013762 words of memory out of 3000000
 45787 multiletter control sequences out of 15000+200000
 71548 words of font info for 59 fonts, out of 3000000 for 9000
 1145 hyphenation exceptions out of 8191
 73i,16n,122p,10424b,3599s stack positions out of 5000i,500n,10000p,200000b,50000s
{C:/Program Files/MiKTeX 2.9/fonts/enc/dvips/lm/lm-ec.enc}{C:/Program Files/M
iKTeX 2.9/fonts/enc/dvips/lm/lm-mathsy.enc} <C:\Users\billy yanuar\AppData\Loca
l\MiKTeX\2.9\fonts\pk\ljfour\jknappen\ec\dpi600\ecxc1095.pk><C:/Program Files/M
iKTeX 2.9/fonts/type1/public/lm/lmbx10.pfb><C:/Program Files/MiKTeX 2.9/fonts/t
ype1/public/lm/lmbx12.pfb><C:/Program Files/MiKTeX 2.9/fonts/type1/public/lm/lm
bx6.pfb><C:/Program Files/MiKTeX 2.9/fonts/type1/public/lm/lmcsc10.pfb><C:/Prog
ram Files/MiKTeX 2.9/fonts/type1/public/lm/lmr10.pfb><C:/Program Files/MiKTeX 2
.9/fonts/type1/public/lm/lmr6.pfb><C:/Program Files/MiKTeX 2.9/fonts/type1/publ
ic/lm/lmr8.pfb><C:/Program Files/MiKTeX 2.9/fonts/type1/public/lm/lmr9.pfb><C:/
Program Files/MiKTeX 2.9/fonts/type1/public/lm/lmri10.pfb><C:/Program Files/MiK
TeX 2.9/fonts/type1/public/lm/lmss8.pfb><C:/Program Files/MiKTeX 2.9/fonts/type
1/public/lm/lmsy10.pfb><C:/Program Files/MiKTeX 2.9/fonts/type1/public/lm/lmsy6
.pfb><C:/Program Files/MiKTeX 2.9/fonts/type1/public/lm/lmtt10.pfb>
Output written on skripsi.pdf (79 pages, 3534093 bytes).
PDF statistics:
 2295 PDF objects out of 2487 (max. 8388607)
 1311 named destinations out of 1440 (max. 500000)
 619 words of extra memory for PDF output out of 10000 (max. 10000000)

