\BOOKMARK [0][-]{section*.1}{\376\377\000D\000a\000f\000t\000a\000r\000\040\000I\000s\000i}{}% 1
\BOOKMARK [0][-]{section*.2}{\376\377\000D\000a\000f\000t\000a\000r\000\040\000G\000a\000m\000b\000a\000r}{}% 2
\BOOKMARK [0][-]{section*.3}{\376\377\000D\000a\000f\000t\000a\000r\000\040\000T\000a\000b\000e\000l}{}% 3
\BOOKMARK [0][-]{chapter.1}{\376\377\000P\000e\000n\000d\000a\000h\000u\000l\000u\000a\000n}{}% 4
\BOOKMARK [1][-]{section.1.1}{\376\377\000L\000a\000t\000a\000r\000\040\000B\000e\000l\000a\000k\000a\000n\000g}{chapter.1}% 5
\BOOKMARK [1][-]{section.1.2}{\376\377\000R\000u\000m\000u\000s\000a\000n\000\040\000M\000a\000s\000a\000l\000a\000h}{chapter.1}% 6
\BOOKMARK [1][-]{section.1.3}{\376\377\000T\000u\000j\000u\000a\000n}{chapter.1}% 7
\BOOKMARK [1][-]{section.1.4}{\376\377\000B\000a\000t\000a\000s\000a\000n\000\040\000M\000a\000s\000a\000l\000a\000h}{chapter.1}% 8
\BOOKMARK [1][-]{section.1.5}{\376\377\000M\000e\000t\000o\000d\000e\000\040\000P\000e\000n\000e\000l\000i\000t\000i\000a\000n}{chapter.1}% 9
\BOOKMARK [1][-]{section.1.6}{\376\377\000S\000i\000s\000t\000e\000m\000a\000t\000i\000k\000a\000\040\000P\000e\000n\000u\000l\000i\000s\000a\000n}{chapter.1}% 10
\BOOKMARK [0][-]{chapter.2}{\376\377\000D\000a\000s\000a\000r\000\040\000T\000e\000o\000r\000i}{}% 11
\BOOKMARK [1][-]{section.2.1}{\376\377\000C\000o\000d\000e\000I\000g\000n\000i\000t\000e\000r}{chapter.2}% 12
\BOOKMARK [2][-]{subsection.2.1.1}{\376\377\000F\000l\000o\000w\000c\000h\000a\000r\000t\000\040\000A\000p\000l\000i\000k\000a\000s\000i\000\040\000C\000o\000d\000e\000I\000g\000n\000i\000t\000e\000r}{section.2.1}% 13
\BOOKMARK [2][-]{subsection.2.1.2}{\376\377\000M\000o\000d\000e\000l\000-\000V\000i\000e\000w\000-\000C\000o\000n\000t\000r\000o\000l\000l\000e\000r}{section.2.1}% 14
\BOOKMARK [2][-]{subsection.2.1.3}{\376\377\000C\000o\000n\000t\000r\000o\000l\000l\000e\000r}{section.2.1}% 15
\BOOKMARK [2][-]{subsection.2.1.4}{\376\377\000V\000i\000e\000w\000s}{section.2.1}% 16
\BOOKMARK [2][-]{subsection.2.1.5}{\376\377\000M\000o\000d\000e\000l\000s}{section.2.1}% 17
\BOOKMARK [2][-]{subsection.2.1.6}{\376\377\000H\000e\000l\000p\000e\000r}{section.2.1}% 18
\BOOKMARK [2][-]{subsection.2.1.7}{\376\377\000B\000a\000s\000i\000s\000\040\000d\000a\000t\000a}{section.2.1}% 19
\BOOKMARK [2][-]{subsection.2.1.8}{\376\377\000K\000o\000n\000f\000i\000g\000u\000r\000a\000s\000i\000\040\000B\000a\000s\000i\000s\000\040\000D\000a\000t\000a}{section.2.1}% 20
\BOOKMARK [1][-]{section.2.2}{\376\377\000A\000n\000g\000u\000l\000a\000r\000J\000S}{chapter.2}% 21
\BOOKMARK [2][-]{subsection.2.2.1}{\376\377\000G\000a\000m\000b\000a\000r\000a\000n\000\040\000K\000o\000n\000s\000e\000p\000t\000u\000a\000l}{section.2.2}% 22
\BOOKMARK [2][-]{subsection.2.2.2}{\376\377\000D\000i\000r\000e\000c\000t\000i\000v\000e\000s}{section.2.2}% 23
\BOOKMARK [2][-]{subsection.2.2.3}{\376\377\000D\000a\000t\000a\000\040\000B\000i\000n\000d\000i\000n\000g}{section.2.2}% 24
\BOOKMARK [2][-]{subsection.2.2.4}{\376\377\000M\000o\000d\000e\000l\000-\000V\000i\000e\000w\000-\000C\000o\000n\000t\000r\000o\000l\000l\000e\000r\000\050\000M\000V\000C\000\051}{section.2.2}% 25
\BOOKMARK [1][-]{section.2.3}{\376\377\000T\000w\000i\000t\000t\000e\000r\000\040\000B\000o\000o\000t\000s\000t\000r\000a\000p}{chapter.2}% 26
\BOOKMARK [2][-]{subsection.2.3.1}{\376\377\000G\000r\000i\000d\000\040\000S\000y\000s\000t\000e\000m}{section.2.3}% 27
\BOOKMARK [2][-]{subsection.2.3.2}{\376\377\000F\000o\000r\000m\000\040\000C\000l\000a\000s\000s}{section.2.3}% 28
\BOOKMARK [0][-]{chapter.3}{\376\377\000A\000n\000a\000l\000i\000s\000i\000s}{}% 29
\BOOKMARK [1][-]{section.3.1}{\376\377\000A\000n\000a\000l\000i\000s\000i\000s\000\040\000S\000i\000s\000t\000e\000m\000\040\000K\000i\000n\000i}{chapter.3}% 30
\BOOKMARK [2][-]{subsection.3.1.1}{\376\377\000F\000o\000r\000m\000\040\000R\000e\000k\000a\000p\000i\000t\000u\000l\000a\000s\000i\000\040\000P\000e\000n\000i\000l\000a\000i\000a\000n}{section.3.1}% 31
\BOOKMARK [2][-]{subsection.3.1.2}{\376\377\000F\000o\000r\000m\000\040\000B\000e\000r\000i\000t\000a\000\040\000A\000c\000a\000r\000a\000\040\000S\000i\000d\000a\000n\000g\000\040\000S\000k\000r\000i\000p\000s\000i}{section.3.1}% 32
\BOOKMARK [1][-]{section.3.2}{\376\377\000A\000n\000a\000l\000i\000s\000i\000s\000\040\000S\000i\000s\000t\000e\000m\000\040\000U\000s\000u\000l\000a\000n}{chapter.3}% 33
\BOOKMARK [2][-]{subsection.3.2.1}{\376\377\000A\000n\000a\000l\000i\000s\000i\000s\000\040\000B\000a\000c\000k\000\040\000E\000n\000d}{section.3.2}% 34
\BOOKMARK [2][-]{subsection.3.2.2}{\376\377\000A\000n\000a\000l\000i\000s\000i\000s\000\040\000F\000r\000o\000n\000t\000\040\000E\000n\000d}{section.3.2}% 35
\BOOKMARK [2][-]{subsection.3.2.3}{\376\377\000A\000n\000a\000l\000i\000s\000i\000s\000\040\000B\000a\000s\000i\000s\000\040\000D\000a\000t\000a}{section.3.2}% 36
\BOOKMARK [1][-]{section.3.3}{\376\377\000U\000s\000e\000\040\000C\000a\000s\000e}{chapter.3}% 37
\BOOKMARK [0][-]{chapter.4}{\376\377\000P\000e\000r\000a\000n\000c\000a\000n\000g\000a\000n}{}% 38
\BOOKMARK [1][-]{section.4.1}{\376\377\000P\000e\000r\000a\000n\000c\000a\000n\000g\000a\000n\000\040\000K\000e\000l\000a\000s}{chapter.4}% 39
\BOOKMARK [1][-]{section.4.2}{\376\377\000R\000o\000u\000t\000e\000s}{chapter.4}% 40
\BOOKMARK [1][-]{section.4.3}{\376\377\000C\000o\000n\000t\000r\000o\000l\000l\000e\000r\000s}{chapter.4}% 41
\BOOKMARK [1][-]{section.4.4}{\376\377\000M\000o\000d\000e\000l\000s}{chapter.4}% 42
\BOOKMARK [1][-]{section.4.5}{\376\377\000P\000e\000r\000a\000n\000c\000a\000n\000g\000a\000n\000\040\000B\000a\000s\000i\000s\000\040\000D\000a\000t\000a}{chapter.4}% 43
\BOOKMARK [1][-]{section.4.6}{\376\377\000P\000e\000r\000a\000n\000c\000a\000n\000g\000a\000n\000\040\000T\000a\000m\000p\000i\000l\000a\000n}{chapter.4}% 44
\BOOKMARK [0][-]{chapter.5}{\376\377\000I\000m\000p\000l\000e\000m\000e\000n\000t\000a\000s\000i\000\040\000d\000a\000n\000\040\000P\000e\000n\000g\000u\000j\000i\000a\000n}{}% 45
\BOOKMARK [1][-]{section.5.1}{\376\377\000I\000m\000p\000l\000e\000m\000e\000n\000t\000a\000s\000i}{chapter.5}% 46
\BOOKMARK [2][-]{subsection.5.1.1}{\376\377\000L\000i\000n\000g\000k\000u\000n\000g\000a\000n\000\040\000I\000m\000p\000l\000e\000m\000e\000n\000t\000a\000s\000i\000\040\000d\000a\000n\000\040\000P\000e\000n\000g\000u\000j\000i\000a\000n}{section.5.1}% 47
\BOOKMARK [2][-]{subsection.5.1.2}{\376\377\000H\000a\000s\000i\000l\000\040\000I\000m\000p\000l\000e\000m\000e\000n\000t\000a\000s\000i}{section.5.1}% 48
\BOOKMARK [1][-]{section.5.2}{\376\377\000H\000a\000s\000i\000l\000\040\000P\000e\000n\000g\000u\000j\000i\000a\000n}{chapter.5}% 49
\BOOKMARK [2][-]{subsection.5.2.1}{\376\377\000P\000e\000n\000g\000u\000j\000i\000a\000n\000\040\000E\000k\000s\000p\000e\000r\000i\000m\000e\000n\000t\000a\000l}{section.5.2}% 50
\BOOKMARK [2][-]{subsection.5.2.2}{\376\377\000P\000e\000n\000g\000u\000j\000i\000a\000n\000\040\000F\000u\000n\000g\000s\000i\000o\000n\000a\000l}{section.5.2}% 51
\BOOKMARK [0][-]{chapter.6}{\376\377\000K\000e\000s\000i\000m\000p\000u\000l\000a\000n\000\040\000d\000a\000n\000\040\000S\000a\000r\000a\000n}{}% 52
\BOOKMARK [1][-]{section.6.1}{\376\377\000K\000e\000s\000i\000m\000p\000u\000l\000a\000n}{chapter.6}% 53
\BOOKMARK [1][-]{section.6.2}{\376\377\000S\000a\000r\000a\000n}{chapter.6}% 54
\BOOKMARK [0][-]{chapter*.15}{\376\377\000D\000a\000f\000t\000a\000r\000\040\000R\000e\000f\000e\000r\000e\000n\000s\000i}{}% 55
\BOOKMARK [0][-]{appendix.A}{\376\377\000F\000o\000r\000m\000\040\000P\000e\000n\000i\000l\000a\000i\000a\000n\000\040\000S\000k\000r\000i\000p\000s\000i}{}% 56
\BOOKMARK [0][-]{appendix.B}{\376\377\000T\000h\000e\000\040\000S\000o\000u\000r\000c\000e\000\040\000C\000o\000d\000e}{}% 57
